# Preference setting overrides
gui_create_pref_key -category {Globals} -key {load_detail_for_funcov} -value_type {bool} -value {false}

# State setting overrides
gui_state_default_create -off -ini
gui_set_state_value -category Globals -key recent_databases -value {{gui_open_db -file /home/liutong/Documents/sdram_system/vcdplus.vpd -design V1} {gui_open_db -file /home/liutong/Documents/sdram_system/vcdplus.vpd -design V2} {gui_open_db -file /home/liutong/coosca/sdr_ctrl/trunk/verif/vcsRun/vcdplus.vpd -design V1}}
gui_set_state_value -category Layout -key child_console_size_x -value 1838
gui_set_state_value -category Layout -key child_console_size_y -value 156
gui_set_state_value -category Layout -key child_data_coltype -value 58
gui_set_state_value -category Layout -key child_data_colvalue -value 118
gui_set_state_value -category Layout -key child_data_colvariable -value 185
gui_set_state_value -category Layout -key child_data_size_x -value 360
gui_set_state_value -category Layout -key child_data_size_y -value 508
gui_set_state_value -category Layout -key child_hier_col3 -value {-1}
gui_set_state_value -category Layout -key child_hier_colpd -value 0
gui_set_state_value -category Layout -key child_hier_size_x -value 151
gui_set_state_value -category Layout -key child_hier_size_y -value 508
gui_set_state_value -category Layout -key child_list_down -value 193
gui_set_state_value -category Layout -key child_list_right -value 444
gui_set_state_value -category Layout -key child_source_docknewline -value false
gui_set_state_value -category Layout -key child_source_pos_x -value {-2}
gui_set_state_value -category Layout -key child_source_pos_y -value {-15}
gui_set_state_value -category Layout -key child_source_size_x -value 1330
gui_set_state_value -category Layout -key child_source_size_y -value 503
gui_set_state_value -category Layout -key child_wave_colname -value 238
gui_set_state_value -category Layout -key child_wave_colvalue -value 238
gui_set_state_value -category Layout -key child_wave_left -value 480
gui_set_state_value -category Layout -key child_wave_right -value 1170
gui_set_state_value -category Layout -key main_pos_x -value 277
gui_set_state_value -category Layout -key main_pos_y -value 320
gui_set_state_value -category Layout -key main_size_x -value 2115
gui_set_state_value -category Layout -key main_size_y -value 1065
gui_set_state_value -category Layout -key stand_list_child_docknewline -value false
gui_set_state_value -category Layout -key stand_list_child_pos_x -value {-2}
gui_set_state_value -category Layout -key stand_list_child_pos_y -value {-15}
gui_set_state_value -category Layout -key stand_list_child_size_x -value 604
gui_set_state_value -category Layout -key stand_list_child_size_y -value 338
gui_set_state_value -category Layout -key stand_list_top_pos_y -value 57
gui_set_state_value -category Layout -key stand_list_top_size_x -value 1099
gui_set_state_value -category Layout -key stand_list_top_size_y -value 556
gui_set_state_value -category Layout -key stand_wave_child_docknewline -value false
gui_set_state_value -category Layout -key stand_wave_child_pos_x -value {-2}
gui_set_state_value -category Layout -key stand_wave_child_pos_y -value {-15}
gui_set_state_value -category Layout -key stand_wave_child_size_x -value 1660
gui_set_state_value -category Layout -key stand_wave_child_size_y -value 744
gui_set_state_value -category Layout -key stand_wave_top_pos_x -value 105
gui_set_state_value -category Layout -key stand_wave_top_pos_y -value 183
gui_set_state_value -category Layout -key stand_wave_top_size_x -value 1760
gui_set_state_value -category Layout -key stand_wave_top_size_y -value 1013
gui_create_state_key -category FindDialog -key m_pMatchCase -value_type bool -value false
gui_create_state_key -category FindDialog -key m_pMatchWord -value_type bool -value false
gui_create_state_key -category FindDialog -key m_pUseCombo -value_type string -value {}
gui_create_state_key -category FindDialog -key m_pWrapAround -value_type bool -value true
gui_create_state_key -category Widget_History -key TopLevel.1|qt_left_dock|DockWnd2|DLPane.1|pages|Data.1|hbox|textfilter -value_type string -value {rst_i axiClk axiaclk aclk}
gui_state_default_create -off

# Begin command logging
gui_open_db -file /home/liutong/Documents/sdram_system/vcdplus.vpd -design V1
gui_list_set_filter -id Data.1 -text {rst_i}
gui_list_select -id Data.1 -selected  { ddr_system.rst_i   }
gui_open_window Wave
gui_list_add -id Wave.1 -from Data.1 { ddr_system.rst_i } -insertionbar
gui_list_select -id Wave.1 -selected  { Group1   }
gui_list_select -id Wave.1 -selected  { ddr_system.rst_i   }
gui_set_time_units 1ns
gui_set_time 1000 -id TopLevel.2
gui_marker_move -id  Wave.1 C1 999.978
gui_marker_move -id  Wave.1 C1 1000.014
gui_list_set_filter -id Data.1 -text {awvalid}
gui_list_select -id Data.1 -selected  { ddr_system.awvalid   }
gui_list_add -id Wave.1 -from Data.1 { ddr_system.awvalid } -insertionbar
gui_list_select -id Wave.1 -selected  {  }
gui_marker_move -id  Wave.1 C1 1000.012
gui_marker_move -id  Wave.1 C1 1000
gui_zoom -window Wave.1 -factor 0.5
gui_zoom -window Wave.1 -factor 0.5
gui_zoom -window Wave.1 -factor 0.5
gui_zoom -window Wave.1 -factor 0.5
gui_zoom -window Wave.1 -factor 0.5
gui_zoom -window Wave.1 -full
gui_marker_move -id  Wave.1 C1 1000
gui_marker_move -id  Wave.1 C1 21102410.609
gui_marker_move -id  Wave.1 C1 38687752.783
gui_marker_move -id  Wave.1 C1 89936464.261
gui_marker_move -id  Wave.1 C1 114053504.957
gui_zoom -window Wave.1 -factor 2
gui_zoom -window Wave.1 -factor 2
gui_zoom -window Wave.1 -factor 2
gui_marker_move -id  Wave.1 C1 141247980.535
gui_marker_move -id  Wave.1 C1 132266895.067
gui_zoom -window Wave.1 -factor 0.5
gui_zoom -window Wave.1 -factor 0.5
gui_zoom -window Wave.1 -factor 0.5
gui_zoom -window Wave.1 -factor 0.5
gui_wv_zoom_timerange -id  Wave.1 501433471.131 685325906.435
gui_wv_zoom_timerange -id  Wave.1 571505707.632 590534577.024
gui_wv_zoom_timerange -id  Wave.1 577236616.296 578576910.574
gui_wv_zoom_timerange -id  Wave.1 577754244.314 577905755.841
gui_zoom -window Wave.1 -factor 0.5
gui_zoom -window Wave.1 -factor 0.5
gui_zoom -window Wave.1 -factor 0.5
gui_zoom -window Wave.1 -factor 0.5
gui_zoom -window Wave.1 -factor 0.5
gui_zoom -window Wave.1 -factor 0.5
gui_zoom -window Wave.1 -factor 0.5
gui_zoom -window Wave.1 -factor 0.5
gui_zoom -window Wave.1 -factor 0.5
gui_zoom -window Wave.1 -factor 0.5
gui_zoom -window Wave.1 -factor 0.5
gui_zoom -window Wave.1 -factor 0.5
gui_zoom -window Wave.1 -factor 0.5
gui_zoom -window Wave.1 -factor 0.5
gui_wv_zoom_timerange -id  Wave.1 15110046.864 237443593.581
gui_zoom -window Wave.1 -factor 0.5
gui_zoom -window Wave.1 -factor 0.5
gui_view_port_history -window Wave.1 -next
gui_wv_zoom_timerange -id  Wave.1 0 7733340.755
gui_wv_zoom_timerange -id  Wave.1 0 154666.815
gui_wv_scrollleft -id  Wave.1  line
gui_wv_scrollleft -id  Wave.1  line
gui_wv_scrollleft -id  Wave.1  line
gui_wv_scrollleft -id  Wave.1  line
gui_wv_zoom_timerange -id  Wave.1 0 3631.308
gui_marker_move -id  Wave.1 C1 1010
gui_marker_move -id  Wave.1 C1 517.856
gui_marker_move -id  Wave.1 C1 1010
gui_marker_move -id  Wave.1 C1 296.82
gui_close_window -window TopLevel.2
gui_open_db -file /home/liutong/Documents/sdram_system/vcdplus.vpd -design V2
gui_open_window Wave
gui_list_add -id Wave.1 -from Data.1 { ddr_system.awvalid } -insertionbar
gui_list_select -id Wave.1 -selected  { ddr_system.awvalid   }
gui_set_time_units 1ns
gui_set_time 1000 -id TopLevel.2
gui_zoom -window Wave.1 -factor 0.5
gui_zoom -window Wave.1 -factor 0.5
gui_zoom -window Wave.1 -full
gui_wv_zoom_timerange -id  Wave.1 29166786.597 78951474.064
gui_wv_zoom_timerange -id  Wave.1 29983467.125 34836282.614
gui_marker_move -id  Wave.1 C1 30426181.708
gui_zoom -window Wave.1 -full
gui_wv_zoom_timerange -id  Wave.1 8046010.096 19612149.608
gui_marker_move -id  Wave.1 C1 8314735.628
gui_zoom -window Wave.1 -full
gui_wv_zoom_timerange -id  Wave.1 1005751.262 6034507.572
gui_marker_move -id  Wave.1 C1 1050392.963
gui_zoom -window Wave.1 -full
gui_list_set_filter -id Data.1 -text {rst_i}
gui_list_select -id Data.1 -selected  { ddr_system.rst_i   }
gui_list_add -id Wave.1 -from Data.1 { ddr_system.rst_i } -insertionbar
gui_list_select -id Wave.1 -selected  { ddr_system.rst_i   }
gui_wv_zoom_timerange -id  Wave.1 6034507.572 10560388.251
gui_set_time 1000 -id TopLevel.2
gui_set_time_units 1ns
gui_zoom -window Wave.1 -factor 2
gui_set_time 1000 -id TopLevel.2
gui_wv_zoom_timerange -id  Wave.1 17725.381 61054.091
gui_wv_zoom_timerange -id  Wave.1 17799.087 18213.896
gui_wv_zoom_timerange -id  Wave.1 17799.241 17802.851
gui_wv_zoom_timerange -id  Wave.1 17799.242 17799.32
gui_wv_zoom_timerange -id  Wave.1 17799.241 17799.243
gui_wv_zoom_timerange -id  Wave.1 17799.241 17799.242
gui_zoom -window Wave.1 -factor 0.5
gui_zoom -window Wave.1 -factor 0.5
gui_zoom -window Wave.1 -full
gui_wv_zoom_timerange -id  Wave.1 4023005.048 7040258.834
gui_zoom -window Wave.1 -factor 2
gui_zoom -window Wave.1 -factor 2
gui_zoom -window Wave.1 -full
gui_set_time 1000 -id TopLevel.2
gui_wv_zoom_timerange -id  Wave.1 0 5531631.941
gui_wv_zoom_timerange -id  Wave.1 0 43328.71
gui_marker_move -id  Wave.1 C1 0
gui_marker_move -id  Wave.1 C1 1010
gui_marker_move -id  Wave.1 C1 1000
gui_marker_move -id  Wave.1 C1 0
gui_marker_move -id  Wave.1 C1 1923.206
gui_marker_move -id  Wave.1 C1 1000
gui_marker_move -id  Wave.1 C1 1010
gui_update_design -all
gui_marker_move -id  Wave.1 C1 1000
gui_update_design -all
gui_save_session -reload -default_file
gui_save_session -reload -default_file
gui_save_session -reload -default_file
gui_set_time 1000 -id TopLevel.2
gui_wv_zoom_timerange -id  Wave.1 0 263.97
gui_zoom -window Wave.1 -full
gui_wv_zoom_timerange -id  Wave.1 0 14583393.299
gui_wv_zoom_timerange -id  Wave.1 0 634612.415
gui_wv_zoom_timerange -id  Wave.1 0 13255.612
gui_save_session -reload -default_file
gui_wv_zoom_timerange -id  Wave.1 0 323.026
gui_save_session -reload -default_file
gui_marker_move -id  Wave.1 C1 18.836
gui_marker_move -id  Wave.1 C1 10
gui_wv_zoom_timerange -id  Wave.1 14.057 23.334
gui_list_select -id Wave.1 -selected  { ddr_system.awvalid   }
gui_set_time 1000 -id TopLevel.2
gui_marker_move -id  Wave.1 C1 1000
gui_wv_zoom_timerange -id  Wave.1 999.607 999.833
gui_marker_move -id  Wave.1 C1 999.728
gui_zoom -window Wave.1 -factor 0.5
gui_zoom -window Wave.1 -factor 0.5
gui_zoom -window Wave.1 -factor 0.5
gui_marker_move -id  Wave.1 C1 1000.048
gui_marker_move -id  Wave.1 C1 999.897
gui_marker_move -id  Wave.1 C1 1000.094
gui_list_set_filter -id Data.1 -text {axiWrStage}
gui_list_select -id Data.1 -selected  { ddr_system.axiWrStage   }
gui_list_add -id Wave.1 -from Data.1 { ddr_system.axiWrStage } -insertionbar
gui_list_select -id Wave.1 -selected  {  }
gui_list_select -id Wave.1 -selected  { ddr_system.axiWrStage   }
gui_marker_move -id  Wave.1 C1 1000.065
gui_list_set_filter -id Data.1 -text {axiWrStatus}
gui_list_select -id Data.1 -selected  { {ddr_system.axiWrStatus[2:0]}   }
gui_list_add -id Wave.1 -from Data.1 { {ddr_system.axiWrStatus[2:0]} } -insertionbar
gui_list_select -id Wave.1 -selected  {  }
gui_list_select -id Wave.1 -selected  { ddr_system.axiWrStage   }
gui_list_select -id Wave.1 -selected  { {ddr_system.axiWrStatus[2:0]}   }
gui_list_set_filter -id Data.1 -text {WR_STAT_IDLE}
gui_marker_move -id  Wave.1 C1 999.058
gui_marker_move -id  Wave.1 C1 999.892
gui_list_select -id Wave.1 -selected  { ddr_system.awvalid   }
gui_list_set_filter -id Data.1 -text {axiClk}
gui_list_select -id Data.1 -selected  { ddr_system.axiClk   }
gui_list_add -id Wave.1 -from Data.1 { ddr_system.axiClk } -insertionbar
gui_list_select -id Wave.1 -selected  { ddr_system.awvalid  ddr_system.rst_i  ddr_system.axiWrStage  {ddr_system.axiWrStatus[2:0]}   }
gui_list_select -id Wave.1 -selected  { ddr_system.axiClk   }
gui_marker_move -id  Wave.1 C1 999.939
gui_marker_move -id  Wave.1 C1 1000.037
gui_marker_move -id  Wave.1 C1 1000
gui_marker_move -id  Wave.1 C1 1000.042
gui_zoom -window Wave.1 -factor 0.5
gui_zoom -window Wave.1 -factor 0.5
gui_zoom -window Wave.1 -factor 0.5
gui_zoom -window Wave.1 -factor 0.5
gui_zoom -window Wave.1 -factor 0.5
gui_zoom -window Wave.1 -factor 0.5
gui_list_select -id Wave.1 -selected  { ddr_system.rst_i   }
gui_list_select -id Wave.1 -selected  { ddr_system.awvalid   }
gui_marker_move -id  Wave.1 C1 1010
gui_marker_move -id  Wave.1 C1 1005.364
gui_marker_move -id  Wave.1 C1 1013.32
gui_marker_move -id  Wave.1 C1 1010
gui_marker_move -id  Wave.1 C1 1013.924
gui_marker_move -id  Wave.1 C1 1010
gui_marker_move -id  Wave.1 C1 1000
gui_marker_move -id  Wave.1 C1 1002.846
gui_marker_move -id  Wave.1 C1 1000
gui_list_select -id Wave.1 -selected  { ddr_system.rst_i   }
gui_list_select -id Wave.1 -selected  { ddr_system.axiWrStage   }
gui_list_select -id Wave.1 -selected  { {ddr_system.axiWrStatus[2:0]}   }
gui_list_select -id Wave.1 -selected  { ddr_system.awvalid   }
gui_marker_move -id  Wave.1 C1 1020.571
gui_marker_move -id  Wave.1 C1 1013.42
gui_marker_move -id  Wave.1 C1 1010
gui_marker_move -id  Wave.1 C1 1010
gui_marker_move -id  Wave.1 C1 1012.413
gui_marker_select -id  Wave.1 { C1 }
gui_marker_move -id  Wave.1 C1 1008.586
gui_marker_move -id  Wave.1 C1 1005.767
gui_marker_move -id  Wave.1 C1 1010.903
gui_marker_move -id  Wave.1 C1 1010.298
gui_marker_move -id  Wave.1 C1 1005.666
gui_marker_move -id  Wave.1 C1 1000
gui_save_session -reload -default_file
gui_zoom -window Wave.1 -factor 0.5
gui_zoom -window Wave.1 -factor 0.5
gui_zoom -window Wave.1 -factor 0.5
gui_zoom -window Wave.1 -factor 0.5
gui_zoom -window Wave.1 -factor 0.5
gui_zoom -window Wave.1 -factor 0.5
gui_zoom -window Wave.1 -full
gui_zoom -window Wave.1 -factor 2
gui_zoom -window Wave.1 -factor 2
gui_zoom -window Wave.1 -factor 2
gui_zoom -window Wave.1 -factor 2
gui_zoom -window Wave.1 -factor 2
gui_zoom -window Wave.1 -factor 2
gui_zoom -window Wave.1 -factor 2
gui_zoom -window Wave.1 -factor 2
gui_zoom -window Wave.1 -factor 2
gui_zoom -window Wave.1 -factor 2
gui_zoom -window Wave.1 -factor 2
gui_zoom -window Wave.1 -factor 2
gui_zoom -window Wave.1 -factor 2
gui_zoom -window Wave.1 -factor 2
gui_zoom -window Wave.1 -factor 2
gui_zoom -window Wave.1 -factor 2
gui_zoom -window Wave.1 -factor 2
gui_zoom -window Wave.1 -factor 2
gui_zoom -window Wave.1 -factor 2
gui_zoom -window Wave.1 -factor 2
gui_zoom -window Wave.1 -factor 2
gui_zoom -window Wave.1 -factor 2
gui_zoom -window Wave.1 -factor 2
gui_marker_move -id  Wave.1 C1 1030.217
gui_zoom -window Wave.1 -factor 2
gui_zoom -window Wave.1 -factor 2
gui_zoom -window Wave.1 -factor 2
gui_zoom -window Wave.1 -factor 2
gui_zoom -window Wave.1 -factor 2
gui_zoom -window Wave.1 -factor 2
gui_zoom -window Wave.1 -factor 2
gui_zoom -window Wave.1 -factor 2
gui_wv_zoom_timerange -id  Wave.1 1030.097 1030.147
gui_wv_zoom_timerange -id  Wave.1 1030.096 1030.101
gui_wv_zoom_timerange -id  Wave.1 1030.096 1030.097
gui_zoom -window  Wave.1  -factor 0.5
gui_zoom -window Wave.1 -full
gui_wv_zoom_timerange -id  Wave.1 0 14005092.515
gui_wv_zoom_timerange -id  Wave.1 0 353479.271
gui_wv_zoom_timerange -id  Wave.1 0 6768.097
gui_marker_move -id  Wave.1 C1 1142.742
gui_marker_move -id  Wave.1 C1 995
gui_zoom -window Wave.1 -factor 2
gui_zoom -window Wave.1 -factor 2
gui_zoom -window Wave.1 -factor 2
gui_zoom -window Wave.1 -factor 2
gui_zoom -window Wave.1 -factor 2
gui_zoom -window Wave.1 -factor 2
gui_zoom -window Wave.1 -factor 2
gui_zoom -window Wave.1 -factor 2
gui_zoom -window Wave.1 -factor 2
gui_zoom -window Wave.1 -factor 0.5
gui_zoom -window Wave.1 -factor 0.5
gui_zoom -window Wave.1 -factor 0.5
gui_marker_move -id  Wave.1 C1 1020.598
gui_list_select -id Wave.1 -selected  { {ddr_system.axiWrStatus[2:0]}   }
gui_marker_move -id  Wave.1 C1 996.942
gui_marker_move -id  Wave.1 C1 1016.456
gui_list_set_filter -id Data.1 -text {araddr}
gui_list_select -id Data.1 -selected  { {ddr_system.araddr[31:0]}   }
gui_list_add -id Wave.1 -from Data.1 { {ddr_system.araddr[31:0]} } -insertionbar
gui_list_select -id Wave.1 -selected  { {New Group}   }
gui_list_select -id Wave.1 -selected  { ddr_system.axiClk   }
gui_list_select -id Wave.1 -selected  { {ddr_system.araddr[31:0]}   }
gui_zoom -window Wave.1 -factor 0.5
gui_zoom -window Wave.1 -factor 0.5
gui_zoom -window Wave.1 -factor 0.5
gui_zoom -window Wave.1 -factor 0.5
gui_zoom -window Wave.1 -factor 0.5
gui_zoom -window Wave.1 -factor 0.5
gui_zoom -window Wave.1 -factor 2
gui_marker_move -id  Wave.1 C1 2530.14
gui_marker_move -id  Wave.1 C1 2362.249
gui_marker_move -id  Wave.1 C1 2265.05
gui_list_set_filter -id Data.1 -text {axiRdStatus}
gui_list_select -id Data.1 -selected  { {ddr_system.axiRdStatus[2:0]}   }
gui_list_add -id Wave.1 -from Data.1 { {ddr_system.axiRdStatus[2:0]} } -insertionbar
gui_list_select -id Wave.1 -selected  { {ddr_system.axiRdStatus[2:0]}   }
gui_zoom -window Wave.1 -factor 0.5
gui_zoom -window Wave.1 -factor 2
gui_wv_zoom_timerange -id  Wave.1 3066.212 3452.065
gui_marker_move -id  Wave.1 C1 3159.025
gui_marker_move -id  Wave.1 C1 3136.189
gui_marker_move -id  Wave.1 C1 3269.508
gui_marker_move -id  Wave.1 C1 3219.136
gui_wv_zoom_timerange -id  Wave.1 3066.339 3077.757
gui_zoom -window Wave.1 -factor 2
gui_zoom -window Wave.1 -factor 2
gui_zoom -window Wave.1 -factor 2
gui_zoom -window Wave.1 -factor 2
gui_zoom -window Wave.1 -factor 2
gui_zoom -window Wave.1 -factor 2
gui_zoom -window Wave.1 -factor 2
gui_zoom -window Wave.1 -factor 2
gui_zoom -window Wave.1 -full
gui_wv_zoom_timerange -id  Wave.1 0 6434772.237
gui_wv_zoom_timerange -id  Wave.1 0 39202.268
gui_wv_zoom_timerange -id  Wave.1 0 648.253
gui_wv_zoom_timerange -id  Wave.1 0 20.875
gui_marker_move -id  Wave.1 C1 10
gui_marker_move -id  Wave.1 C1 10.737
gui_marker_move -id  Wave.1 C1 12.427
gui_marker_move -id  Wave.1 C1 14.389
gui_marker_move -id  Wave.1 C1 15.279
gui_zoom -window Wave.1 -factor 0.5
gui_zoom -window Wave.1 -factor 0.5
gui_zoom -window Wave.1 -factor 0.5
gui_zoom -window Wave.1 -factor 0.5
gui_zoom -window Wave.1 -factor 0.5
gui_zoom -window Wave.1 -factor 0.5
gui_zoom -window Wave.1 -factor 0.5
gui_zoom -window Wave.1 -factor 0.5
gui_zoom -window Wave.1 -factor 2
gui_zoom -window Wave.1 -factor 2
gui_list_select -id Wave.1 -selected  { ddr_system.axiWrStage   }
gui_list_select -id Wave.1 -selected  { {ddr_system.axiRdStatus[2:0]}   }
gui_sg_create  Group3 
gui_list_add_group -id  Wave.1   {Group3} 
gui_list_move  -id  Wave.1    -sid  Wave.1   -after Group3 {{ddr_system.axiRdStatus[2:0]}}
gui_zoom -window Wave.1 -factor 0.5
gui_list_select -id Wave.1 -selected  { ddr_system.axiClk   }
gui_list_select -id Wave.1 -selected  { {ddr_system.axiWrStatus[2:0]}   }
gui_list_select -id Wave.1 -selected  { ddr_system.awvalid   }
gui_list_set_filter -id Data.1 -text {awid}
gui_list_select -id Data.1 -selected  { {ddr_system.awid[3:0]}   }
gui_list_add -id Wave.1 -from Data.1 { {ddr_system.awid[3:0]} } -insertionbar
gui_marker_move -id  Wave.1 C1 1309.195
gui_marker_move -id  Wave.1 C1 1385.932
gui_close_window -window TopLevel.2
gui_list_set_filter -id Data.1 -text {axiWrStage}
gui_list_select -id Data.1 -selected  { ddr_system.axiWrStage   }
gui_open_window Wave
gui_list_add -id Wave.1 -from Data.1 { ddr_system.axiWrStage } -insertionbar
gui_list_set_filter -id Data.1 -text {axiWrStatus}
gui_list_select -id Data.1 -selected  { {ddr_system.axiWrStatus[2:0]}   }
gui_list_add -id Wave.1 -from Data.1 { {ddr_system.axiWrStatus[2:0]} } -insertionbar
gui_list_select -id Wave.1 -selected  { {ddr_system.axiWrStatus[2:0]}   }
gui_list_set_filter -id Data.1 -text {awid}
gui_list_select -id Data.1 -selected  { {ddr_system.awid[3:0]}   }
gui_list_add -id Wave.1 -from Data.1 { {ddr_system.awid[3:0]} } -insertionbar
gui_list_set_filter -id Data.1 -text {awvalid}
gui_list_select -id Data.1 -selected  { ddr_system.awvalid   }
gui_list_add -id Wave.1 -from Data.1 { ddr_system.awvalid } -insertionbar
gui_list_set_filter -id Data.1 -text {awaddr}
gui_list_select -id Data.1 -selected  { {ddr_system.awaddr[31:0]}   }
gui_list_add -id Wave.1 -from Data.1 { {ddr_system.awaddr[31:0]} } -insertionbar
gui_list_set_filter -id Data.1 -text {awlen}
gui_list_select -id Data.1 -selected  { {ddr_system.awlen[7:0]}   }
gui_list_add -id Wave.1 -from Data.1 { {ddr_system.awlen[7:0]} } -insertionbar
gui_list_set_filter -id Data.1 -text {awsize}
gui_list_select -id Data.1 -selected  { {ddr_system.awsize[2:0]}   }
gui_open_window Wave
gui_list_add -id Wave.2 -from Data.1 { {ddr_system.awsize[2:0]} } -insertionbar
gui_close_window -window TopLevel.3
gui_list_add -id Wave.1 -from Data.1 { {ddr_system.awsize[2:0]} } -insertionbar
gui_list_set_filter -id Data.1 -text {awburst}
gui_list_select -id Data.1 -selected  { {ddr_system.awburst[1:0]}   }
gui_list_add -id Wave.1 -from Data.1 { {ddr_system.awburst[1:0]} } -insertionbar
gui_list_set_filter -id Data.1 -text {awcache}
gui_list_select -id Data.1 -selected  { {ddr_system.awcache[3:0]}   }
gui_list_add -id Wave.1 -from Data.1 { {ddr_system.awcache[3:0]} } -insertionbar
gui_list_set_filter -id Data.1 -text {burstLen}
gui_list_select -id Data.1 -selected  { {ddr_system.burstLen[7:0]}   }
gui_list_add -id Wave.1 -from Data.1 { {ddr_system.burstLen[7:0]} } -insertionbar
gui_zoom -window Wave.1 -factor 0.5
gui_zoom -window Wave.1 -factor 0.5
gui_zoom -window Wave.1 -factor 0.5
gui_zoom -window Wave.1 -factor 0.5
gui_zoom -window Wave.1 -factor 0.5
gui_zoom -window Wave.1 -factor 0.5
gui_zoom -window Wave.1 -factor 0.5
gui_zoom -window Wave.1 -factor 0.5
gui_zoom -window Wave.1 -factor 0.5
gui_zoom -window Wave.1 -factor 0.5
gui_set_time 1000 -id TopLevel.2
gui_list_select -id Wave.1 -selected  { ddr_system.axiWrStage   }
gui_list_select -id Wave.1 -selected  { {ddr_system.axiWrStatus[2:0]}   }
gui_marker_move -id  Wave.1 C1 1042.66
gui_list_select -id Wave.1 -selected  { {ddr_system.awlen[7:0]}   }
gui_list_select -id Wave.1 -selected  { {ddr_system.awsize[2:0]}   }
gui_list_select -id Wave.1 -selected  { {ddr_system.awburst[1:0]}   }
gui_list_select -id Wave.1 -selected  { {ddr_system.awcache[3:0]}   }
gui_list_select -id Wave.1 -selected  { {ddr_system.burstLen[7:0]}   }
gui_list_select -id Wave.1 -selected  {  }
gui_list_select -id Wave.1 -selected  { {ddr_system.burstLen[7:0]}   }
gui_list_collapse -id  Wave.1   Group4
gui_list_select -id Wave.1 -selected  { {New Group}   }
gui_list_action -id  Wave.1 {New Group}
gui_list_expand -id  Wave.1   Group4
gui_list_select -id Wave.1 -selected  {  }
gui_zoom -window Wave.1 -factor 0.5
gui_zoom -window Wave.1 -factor 0.5
gui_zoom -window Wave.1 -factor 0.5
gui_zoom -window Wave.1 -factor 0.5
gui_zoom -window Wave.1 -factor 0.5
gui_zoom -window Wave.1 -factor 2
gui_marker_move -id  Wave.1 C1 3712.689
gui_marker_move -id  Wave.1 C1 3865.34
gui_marker_move -id  Wave.1 C1 3914.406
gui_zoom -window Wave.1 -factor 2
gui_zoom -window Wave.1 -factor 2
gui_zoom -window Wave.1 -factor 0.5
gui_zoom -window Wave.1 -factor 0.5
gui_zoom -window Wave.1 -factor 0.5
gui_zoom -window Wave.1 -factor 2
gui_zoom -window Wave.1 -factor 2
gui_zoom -window Wave.1 -factor 2
gui_zoom -window Wave.1 -factor 2
gui_zoom -window Wave.1 -factor 2
gui_zoom -window Wave.1 -factor 2
gui_zoom -window Wave.1 -factor 2
gui_zoom -window Wave.1 -factor 2
gui_zoom -window Wave.1 -factor 2
gui_zoom -window Wave.1 -factor 2
gui_zoom -window Wave.1 -factor 2
gui_zoom -window Wave.1 -factor 2
gui_zoom -window Wave.1 -factor 2
gui_zoom -window Wave.1 -factor 2
gui_zoom -window Wave.1 -factor 2
gui_zoom -window Wave.1 -factor 2
gui_zoom -window Wave.1 -factor 2
gui_zoom -window Wave.1 -factor 2
gui_zoom -window Wave.1 -factor 2
gui_zoom -window Wave.1 -factor 2
gui_zoom -window Wave.1 -factor 2
gui_zoom -window Wave.1 -factor 2
gui_zoom -window Wave.1 -factor 2
gui_zoom -window Wave.1 -factor 2
gui_zoom -window Wave.1 -factor 2
gui_wv_zoom_timerange -id  Wave.1 3914.405 3914.406
gui_zoom -window Wave.1 -full
gui_wv_zoom_timerange -id  Wave.1 0 31823041.463
gui_wv_zoom_timerange -id  Wave.1 0 1524623.067
gui_wv_zoom_timerange -id  Wave.1 0 49138.548
gui_wv_zoom_timerange -id  Wave.1 0 1112.894
gui_marker_move -id  Wave.1 C1 295.673
gui_marker_move -id  Wave.1 C1 217.15
gui_marker_move -id  Wave.1 C1 416.851
gui_marker_move -id  Wave.1 C1 461.444
gui_marker_move -id  Wave.1 C1 588.438
gui_scroll -window Wave.1 -hrel .2
gui_scroll -window Wave.1 -hrel .2
gui_scroll -window Wave.1 -hrel .2
gui_scroll -window Wave.1 -hrel .2
gui_scroll -window Wave.1 -hrel .2
gui_scroll -window Wave.1 -hrel .2
gui_scroll -window Wave.1 -hrel .2
gui_scroll -window Wave.1 -hrel .2
gui_scroll -window Wave.1 -hrel .2
gui_scroll -window Wave.1 -hrel .2
gui_scroll -window Wave.1 -hrel .2
gui_scroll -window Wave.1 -hrel .2
gui_scroll -window Wave.1 -hrel .2
gui_scroll -window Wave.1 -hrel .2
gui_scroll -window Wave.1 -hrel .2
gui_scroll -window Wave.1 -hrel .2
gui_scroll -window Wave.1 -hrel .2
gui_scroll -window Wave.1 -hrel .2
gui_scroll -window Wave.1 -hrel .2
gui_scroll -window Wave.1 -hrel .2
gui_scroll -window Wave.1 -hrel .2
gui_scroll -window Wave.1 -hrel .2
gui_scroll -window Wave.1 -hrel .2
gui_scroll -window Wave.1 -hrel -.2
gui_scroll -window Wave.1 -hrel -.2
gui_scroll -window Wave.1 -hrel -.2
gui_scroll -window Wave.1 -hrel -.2
gui_scroll -window Wave.1 -hrel -.2
gui_scroll -window Wave.1 -hrel -.2
gui_scroll -window Wave.1 -hrel -.2
gui_marker_move -id  Wave.1 C1 1010
gui_marker_move -id  Wave.1 C1 1191.417
gui_list_select -id Wave.1 -selected  { ddr_system.axiWrStage   }
gui_list_select -id Wave.1 -selected  { {ddr_system.axiWrStatus[2:0]}   }
gui_list_set_filter -id Data.1 -text {awready}
gui_list_select -id Data.1 -selected  {  }
gui_list_select -id Data.1 -selected  { ddr_system.awready   }
gui_list_add -id Wave.1 -from Data.1 { ddr_system.awready } -insertionbar
gui_list_select -id Wave.1 -selected  {  }
gui_list_select -id Wave.1 -selected  { ddr_system.awready   }
gui_sg_create  Group6 
gui_list_add_group -id  Wave.1   {Group6} 
gui_list_move  -id  Wave.1    -sid  Wave.1   -after Group6 {{ddr_system.awready}}
gui_list_collapse -id  Wave.1   Group4
gui_list_select -id Wave.1 -selected  { Group4   }
gui_list_action -id  Wave.1 Group4
gui_list_action -id  Wave.1 Group4
gui_list_expand -id  Wave.1   Group4
gui_list_select -id Wave.1 -selected  { ddr_system.awready   }
gui_marker_move -id  Wave.1 C1 1164.273
gui_marker_move -id  Wave.1 C1 1187.539
gui_marker_move -id  Wave.1 C1 1222.438
gui_open_db -file /home/tangdan/Documents/riscv-ddr/vcdplus.vpd -design V2
gui_list_select -id Data.1 -selected  { V2:ddr_system.awready   }
gui_list_add -id Wave.1 -from Data.1 { V2:ddr_system.awready } -insertionbar
gui_list_select -id Wave.1 -selected  {  }
gui_list_select -id Wave.1 -selected  { V2:ddr_system.awready   }
gui_marker_move -id  Wave.1 C1 1029.524
gui_marker_move -id  Wave.1 C1 946.154
gui_marker_move -id  Wave.1 C1 956.817
gui_marker_move -id  Wave.1 C1 1074.117
gui_marker_move -id  Wave.1 C1 1163.304
gui_marker_move -id  Wave.1 C1 969.42
gui_marker_move -id  Wave.1 C1 948.093
gui_marker_move -id  Wave.1 C1 894.775
gui_wv_zoom_timerange -id  Wave.1 895.744 939.368
gui_marker_move -id  Wave.1 C1 901.93
gui_zoom -window Wave.1 -factor 0.5
gui_zoom -window Wave.1 -factor 0.5
gui_zoom -window Wave.1 -factor 0.5
gui_zoom -window Wave.1 -factor 0.5
gui_zoom -window Wave.1 -factor 0.5
gui_zoom -window Wave.1 -factor 0.5
gui_zoom -window Wave.1 -factor 0.5
gui_zoom -window Wave.1 -factor 0.5
gui_zoom -window Wave.1 -factor 0.5
gui_marker_move -id  Wave.1 C1 12704.768
gui_marker_move -id  Wave.1 C1 14572.544
gui_marker_move -id  Wave.1 C1 15642.624
gui_marker_move -id  Wave.1 C1 11440.128
gui_marker_move -id  Wave.1 C1 13521.92
gui_marker_move -id  Wave.1 C1 14008.32
gui_delete_selected -id  Wave.1
gui_list_select -id Wave.1 -selected  { V1:ddr_system.awready   }
gui_list_select -id Data.1 -selected  {  }
gui_list_select -id Hier.1 -current_item_name V2:MSD_ITMC_D2 -current_item_type Scope  -selected  { V2:MSD_ITMC_D2   }
gui_list_select -id Hier.1 -current_item_name V2:ddr_system -current_item_type Scope  -selected  { V2:ddr_system   }
gui_open_db -file /home/liutong/Documents/vcdplus.vpd -design V3
gui_save_session -reload -default_file
gui_marker_move -id  Wave.1 C1 2860.032
gui_marker_move -id  Wave.1 C1 995
gui_marker_move -id  Wave.1 C1 447.488
gui_marker_move -id  Wave.1 C1 995
gui_wv_zoom_timerange -id  Wave.1 77.824 603.136
gui_list_set_filter -id Data.1 -text {awready_0}
gui_list_select -id Data.1 -selected  { V3:ddr_system.awready_0   }
gui_list_add -id Wave.1 -from Data.1 { V3:ddr_system.awready_0 } -insertionbar
gui_list_select -id Wave.1 -selected  { V3:ddr_system.awready_0   }
gui_wv_zoom_timerange -id  Wave.1 261.741 350.513
gui_zoom -window Wave.1 -full
gui_wv_zoom_timerange -id  Wave.1 133965931.709 206425492.256
gui_wv_zoom_timerange -id  Wave.1 135325172.311 137660541.422
gui_wv_zoom_timerange -id  Wave.1 135325282.232 135429031.208
gui_zoom -window Wave.1 -full
gui_wv_zoom_timerange -id  Wave.1 0 37914886.333
gui_wv_zoom_timerange -id  Wave.1 0 1155941.656
gui_wv_zoom_timerange -id  Wave.1 0 13089.932
gui_marker_move -id  Wave.1 C1 1790.174
gui_marker_move -id  Wave.1 C1 1000
gui_marker_move -id  Wave.1 C1 296.462
gui_marker_move -id  Wave.1 C1 444.693
gui_marker_move -id  Wave.1 C1 1311.274
gui_marker_move -id  Wave.1 C1 934.995
gui_marker_move -id  Wave.1 C1 456.095
gui_marker_select -id  Wave.1 { C1 }
gui_marker_move -id  Wave.1 C1 1812.978
gui_marker_move -id  Wave.1 C1 995
gui_view_port_history -window Wave.1 -previous
gui_zoom -window Wave.1 -full
gui_wv_zoom_timerange -id  Wave.1 0 19378719.681
gui_wv_zoom_timerange -id  Wave.1 0 303847.521
gui_wv_zoom_timerange -id  Wave.1 0 3970.133
gui_list_select -id Wave.1 -selected  { {V1:ddr_system.burstLen[7:0]}   }
gui_list_set_filter -id Data.1 -text {wstrb}
gui_list_select -id Data.1 -selected  { {V3:ddr_system.wstrb[3:0]}   }
gui_list_add -id Wave.1 -from Data.1 { {V3:ddr_system.wstrb[3:0]} } -insertionbar
gui_list_select -id Wave.1 -selected  { {V3:ddr_system.wstrb[3:0]}   }
gui_marker_move -id  Wave.1 C1 1832.901
gui_marker_move -id  Wave.1 C1 2009.275
gui_list_select -id Wave.1 -selected  { {V1:ddr_system.axiWrStatus[2:0]}   }
gui_list_expand -id  Wave.1   {V3:ddr_system.wstrb[3:0]}
gui_marker_move -id  Wave.1 C1 2728.602
gui_marker_move -id  Wave.1 C1 2898.059
gui_marker_move -id  Wave.1 C1 3133.223
gui_wv_zoom_timerange -id  Wave.1 1746.444 1763.735
gui_wv_zoom_timerange -id  Wave.1 1752.446 1753.124
gui_list_collapse -id  Wave.1   {V3:ddr_system.wstrb[3:0]}
gui_list_select -id Wave.1 -selected  { {V1:ddr_system.burstLen[7:0]}   }
gui_list_select -id Wave.1 -selected  { {V3:ddr_system.wstrb[3:0]}   }
gui_save_session -reload -default_file
gui_list_select -id Wave.1 -selected  { V3:ddr_system.awready_0   }
gui_marker_move -id  Wave.1 C1 1752.472
gui_wv_zoom_timerange -id  Wave.1 1752.45 1752.467
gui_zoom -window Wave.1 -factor 0.5
gui_zoom -window Wave.1 -factor 0.5
gui_zoom -window Wave.1 -factor 0.5
gui_zoom -window Wave.1 -factor 0.5
gui_zoom -window Wave.1 -factor 0.5
gui_zoom -window Wave.1 -factor 0.5
gui_zoom -window Wave.1 -factor 0.5
gui_zoom -window Wave.1 -factor 0.5
gui_zoom -window Wave.1 -factor 0.5
gui_scroll -window Wave.1 -hrel -.2
gui_scroll -window Wave.1 -hrel -.2
gui_scroll -window Wave.1 -hrel -.2
gui_scroll -window Wave.1 -hrel -.2
gui_scroll -window Wave.1 -hrel -.2
gui_scroll -window Wave.1 -hrel -.2
gui_scroll -window Wave.1 -hrel -.2
gui_scroll -window Wave.1 -hrel -.2
gui_scroll -window Wave.1 -hrel -.2
gui_scroll -window Wave.1 -hrel -.2
gui_scroll -window Wave.1 -hrel -.2
gui_scroll -window Wave.1 -hrel -.2
gui_scroll -window Wave.1 -hrel -.2
gui_scroll -window Wave.1 -hrel -.2
gui_scroll -window Wave.1 -hrel -.2
gui_scroll -window Wave.1 -hrel -.2
gui_scroll -window Wave.1 -hrel -.2
gui_scroll -window Wave.1 -hrel -.2
gui_scroll -window Wave.1 -hrel -.2
gui_scroll -window Wave.1 -hrel -.2
gui_scroll -window Wave.1 -hrel -.2
gui_scroll -window Wave.1 -hrel -.2
gui_scroll -window Wave.1 -hrel -.2
gui_scroll -window Wave.1 -hrel -.2
gui_scroll -window Wave.1 -hrel -.2
gui_scroll -window Wave.1 -hrel -.2
gui_scroll -window Wave.1 -hrel -.2
gui_scroll -window Wave.1 -hrel -.2
gui_scroll -window Wave.1 -hrel -.2
gui_scroll -window Wave.1 -hrel -.2
gui_scroll -window Wave.1 -hrel .2
gui_scroll -window Wave.1 -hrel .2
gui_scroll -window Wave.1 -hrel -.2
gui_scroll -window Wave.1 -hrel -.2
gui_marker_move -id  Wave.1 C1 973.004
gui_scroll -window Wave.1 -hrel .2
gui_scroll -window Wave.1 -hrel .2
gui_marker_move -id  Wave.1 C1 1024.916
gui_scroll -window Wave.1 -hrel -.2
gui_marker_move -id  Wave.1 C1 999.269
gui_marker_move -id  Wave.1 C1 998.708
gui_marker_move -id  Wave.1 C1 998.42
gui_marker_move -id  Wave.1 C1 998.288
gui_marker_move -id  Wave.1 C1 997.9
gui_scroll -window Wave.1 -hrel -.2
gui_scroll -window Wave.1 -hrel .2
gui_marker_move -id  Wave.1 C1 997.957
gui_marker_move -id  Wave.1 C1 997.817
gui_wv_zoom_timerange -id  Wave.1 997.751 999.897
gui_marker_move -id  Wave.1 C1 998.488
gui_scroll -window Wave.1 -hrel .2
gui_scroll -window Wave.1 -hrel .2
gui_scroll -window Wave.1 -hrel .2
gui_marker_move -id  Wave.1 C1 1075.443
gui_list_set_filter -id Data.1 -text {wready}
gui_list_select -id Data.1 -selected  { V3:ddr_system.wready   }
gui_list_add -id Wave.1 -from Data.1 { V3:ddr_system.wready } -insertionbar
gui_list_select -id Wave.1 -selected  {  }
gui_list_select -id Wave.1 -selected  { V3:ddr_system.wready   }
gui_marker_move -id  Wave.1 C1 1074.98
gui_list_set_filter -id Data.1 -text {axiWdata}
gui_list_select -id Data.1 -selected  { {V3:ddr_system.axiWdata[63:0]}   }
gui_list_add -id Wave.1 -from Data.1 { {V3:ddr_system.axiWdata[63:0]} } -insertionbar
gui_list_select -id Wave.1 -selected  { {V3:ddr_system.axiWdata[63:0]}   }
gui_marker_move -id  Wave.1 C1 1074.92
gui_scroll -window Wave.1 -hrel -.2
gui_scroll -window Wave.1 -hrel -.2
gui_scroll -window Wave.1 -hrel -.2
gui_scroll -window Wave.1 -hrel -.2
gui_scroll -window Wave.1 -hrel -.2
gui_scroll -window Wave.1 -hrel -.2
gui_scroll -window Wave.1 -hrel -.2
gui_scroll -window Wave.1 -hrel -.2
gui_scroll -window Wave.1 -hrel -.2
gui_scroll -window Wave.1 -hrel -.2
gui_scroll -window Wave.1 -hrel -.2
gui_scroll -window Wave.1 -hrel -.2
gui_scroll -window Wave.1 -hrel -.2
gui_scroll -window Wave.1 -hrel -.2
gui_scroll -window Wave.1 -hrel -.2
gui_scroll -window Wave.1 -hrel -.2
gui_scroll -window Wave.1 -hrel -.2
gui_scroll -window Wave.1 -hrel -.2
gui_scroll -window Wave.1 -hrel -.2
gui_scroll -window Wave.1 -hrel -.2
gui_scroll -window Wave.1 -hrel -.2
gui_scroll -window Wave.1 -hrel -.2
gui_scroll -window Wave.1 -hrel -.2
gui_scroll -window Wave.1 -hrel -.2
gui_scroll -window Wave.1 -hrel -.2
gui_scroll -window Wave.1 -hrel -.2
gui_scroll -window Wave.1 -hrel -.2
gui_scroll -window Wave.1 -hrel -.2
gui_scroll -window Wave.1 -hrel -.2
gui_scroll -window Wave.1 -hrel -.2
gui_scroll -window Wave.1 -hrel -.2
gui_scroll -window Wave.1 -hrel -.2
gui_scroll -window Wave.1 -hrel -.2
gui_scroll -window Wave.1 -hrel -.2
gui_scroll -window Wave.1 -hrel -.2
gui_scroll -window Wave.1 -hrel -.2
gui_scroll -window Wave.1 -hrel -.2
gui_scroll -window Wave.1 -hrel -.2
gui_scroll -window Wave.1 -hrel -.2
gui_scroll -window Wave.1 -hrel -.2
gui_scroll -window Wave.1 -hrel -.2
gui_scroll -window Wave.1 -hrel -.2
gui_scroll -window Wave.1 -hrel -.2
gui_scroll -window Wave.1 -hrel -.2
gui_scroll -window Wave.1 -hrel -.2
gui_scroll -window Wave.1 -hrel -.2
gui_scroll -window Wave.1 -hrel -.2
gui_scroll -window Wave.1 -hrel -.2
gui_scroll -window Wave.1 -hrel -.2
gui_scroll -window Wave.1 -hrel -.2
gui_scroll -window Wave.1 -hrel -.2
gui_scroll -window Wave.1 -hrel -.2
gui_scroll -window Wave.1 -hrel -.2
gui_scroll -window Wave.1 -hrel -.2
gui_scroll -window Wave.1 -hrel -.2
gui_scroll -window Wave.1 -hrel -.2
gui_scroll -window Wave.1 -hrel -.2
gui_scroll -window Wave.1 -hrel -.2
gui_scroll -window Wave.1 -hrel -.2
gui_scroll -window Wave.1 -hrel -.2
gui_scroll -window Wave.1 -hrel -.2
gui_scroll -window Wave.1 -hrel -.2
gui_scroll -window Wave.1 -hrel -.2
gui_scroll -window Wave.1 -hrel -.2
gui_scroll -window Wave.1 -hrel -.2
gui_scroll -window Wave.1 -hrel -.2
gui_scroll -window Wave.1 -hrel -.2
gui_scroll -window Wave.1 -hrel -.2
gui_scroll -window Wave.1 -hrel -.2
gui_scroll -window Wave.1 -hrel -.2
gui_marker_move -id  Wave.1 C1 1.152
gui_marker_move -id  Wave.1 C1 1.075
gui_list_select -id Wave.1 -selected  { V1:ddr_system.axiWrStage   }
gui_zoom -window Wave.1 -factor 0.5
gui_zoom -window Wave.1 -factor 0.5
gui_zoom -window Wave.1 -factor 0.5
gui_zoom -window Wave.1 -factor 0.5
gui_zoom -window Wave.1 -factor 0.5
gui_zoom -window Wave.1 -factor 0.5
gui_zoom -window Wave.1 -factor 0.5
gui_zoom -window Wave.1 -factor 0.5
gui_zoom -window Wave.1 -factor 0.5
gui_zoom -window Wave.1 -factor 0.5
gui_zoom -window Wave.1 -factor 0.5
gui_list_select -id Wave.1 -selected  { {V1:ddr_system.axiWrStatus[2:0]}   }
gui_list_expand -id  Wave.1   {V1:ddr_system.axiWrStatus[2:0]}
gui_list_select -id Wave.1 -selected  { {V1:ddr_system.axiWrStatus[2]}   }
gui_list_select -id Wave.1 -selected  { {V1:ddr_system.axiWrStatus[1]}   }
gui_list_select -id Wave.1 -selected  { {V1:ddr_system.axiWrStatus[0]}   }
gui_marker_move -id  Wave.1 C1 2687.54
gui_list_select -id Wave.1 -selected  { {V1:ddr_system.axiWrStatus[1]}   }
gui_list_select -id Wave.1 -selected  { V1:ddr_system.axiWrStage   }
gui_list_select -id Wave.1 -selected  { {V1:ddr_system.axiWrStatus[1]}   }
gui_list_select -id Wave.1 -selected  { {V1:ddr_system.axiWrStatus[0]}   }
gui_list_select -id Wave.1 -selected  { V1:ddr_system.awready   }
gui_marker_move -id  Wave.1 C1 2465.492
gui_marker_move -id  Wave.1 C1 1213.604
gui_list_set_filter -id Data.1 -text {clk_i}
gui_list_select -id Data.1 -selected  { V3:ddr_system.clk_i   }
gui_list_add -id Wave.1 -from Data.1 { V3:ddr_system.clk_i } -insertionbar
gui_list_select -id Wave.1 -selected  { V3:ddr_system.clk_i   }
gui_sg_create  Group7 
gui_list_add_group -id  Wave.1   {Group7} 
gui_list_move  -id  Wave.1    -sid  Wave.1   -after Group7 {{V3:ddr_system.clk_i}}
gui_zoom -window Wave.1 -factor 0.5
gui_zoom -window Wave.1 -factor 0.5
gui_marker_move -id  Wave.1 C1 1087.267
gui_marker_move -id  Wave.1 C1 581.917
gui_marker_move -id  Wave.1 C1 336.9
gui_save_session -reload -default_file
gui_list_select -id Wave.1 -selected  { {V1:ddr_system.axiWrStatus[0]}   }
gui_list_select -id Wave.1 -selected  { {V1:ddr_system.axiWrStatus[1]}   }
gui_marker_move -id  Wave.1 C1 1883.575
gui_marker_move -id  Wave.1 C1 2710.51
gui_marker_move -id  Wave.1 C1 3568.073
gui_marker_move -id  Wave.1 C1 2342.983
gui_list_select -id Wave.1 -selected  { V1:ddr_system.awready   }
gui_marker_move -id  Wave.1 C1 2174.534
gui_marker_move -id  Wave.1 C1 1807.007
gui_save_session -reload -default_file
gui_marker_move -id  Wave.1 C1 1454.794
gui_marker_move -id  Wave.1 C1 995
gui_zoom -window Wave.1 -factor 0.5
gui_zoom -window Wave.1 -factor 0.5
gui_zoom -window Wave.1 -factor 0.5
gui_zoom -window Wave.1 -factor 2
gui_zoom -window Wave.1 -factor 2
gui_zoom -window Wave.1 -factor 2
gui_zoom -window Wave.1 -factor 2
gui_zoom -window Wave.1 -factor 2
gui_zoom -window Wave.1 -factor 2
gui_zoom -window Wave.1 -factor 2
gui_zoom -window Wave.1 -factor 2
gui_zoom -window Wave.1 -factor 2
gui_zoom -window Wave.1 -factor 2
gui_zoom -window Wave.1 -factor 2
gui_zoom -window Wave.1 -factor 2
gui_zoom -window Wave.1 -factor 2
gui_zoom -window Wave.1 -factor 2
gui_zoom -window Wave.1 -factor 2
gui_zoom -window Wave.1 -factor 2
gui_zoom -window Wave.1 -factor 2
gui_zoom -window Wave.1 -factor 2
gui_zoom -window Wave.1 -factor 2
gui_zoom -window Wave.1 -factor 2
gui_zoom -window Wave.1 -factor 2
gui_zoom -window Wave.1 -factor 2
gui_zoom -window Wave.1 -factor 2
gui_zoom -window Wave.1 -factor 2
gui_zoom -window Wave.1 -factor 2
gui_zoom -window Wave.1 -factor 2
gui_zoom -window Wave.1 -factor 2
gui_list_select -id Wave.1 -selected  { V1:ddr_system.axiWrStage   }
gui_zoom -window Wave.1 -factor 0.5
gui_zoom -window Wave.1 -factor 0.5
gui_zoom -window Wave.1 -factor 0.5
gui_zoom -window Wave.1 -factor 0.5
gui_zoom -window Wave.1 -factor 0.5
gui_zoom -window Wave.1 -factor 0.5
gui_zoom -window Wave.1 -factor 0.5
gui_zoom -window Wave.1 -factor 0.5
gui_zoom -window Wave.1 -factor 0.5
gui_zoom -window Wave.1 -factor 0.5
gui_zoom -window Wave.1 -factor 0.5
gui_zoom -window Wave.1 -factor 0.5
gui_zoom -window Wave.1 -factor 0.5
gui_zoom -window Wave.1 -factor 0.5
gui_zoom -window Wave.1 -factor 0.5
gui_zoom -window Wave.1 -factor 0.5
gui_zoom -window Wave.1 -factor 0.5
gui_zoom -window Wave.1 -factor 0.5
gui_zoom -window Wave.1 -factor 0.5
gui_zoom -window Wave.1 -factor 0.5
gui_zoom -window Wave.1 -factor 0.5
gui_zoom -window Wave.1 -factor 0.5
gui_zoom -window Wave.1 -factor 0.5
gui_zoom -window Wave.1 -factor 0.5
gui_zoom -window Wave.1 -factor 0.5
gui_zoom -window Wave.1 -factor 0.5
gui_zoom -window Wave.1 -full
gui_wv_zoom_timerange -id  Wave.1 0 22748931.8
gui_wv_zoom_timerange -id  Wave.1 0 336874.426
gui_wv_zoom_timerange -id  Wave.1 0 3521.335
gui_marker_move -id  Wave.1 C1 1141.06
gui_marker_move -id  Wave.1 C1 995
gui_save_session -reload -default_file
gui_marker_move -id  Wave.1 C1 1081
gui_zoom -window Wave.1 -factor 0.5
gui_zoom -window Wave.1 -factor 0.5
gui_zoom -window Wave.1 -factor 2
gui_zoom -window Wave.1 -factor 2
gui_zoom -window Wave.1 -factor 2
gui_zoom -window Wave.1 -factor 0.5
gui_zoom -window Wave.1 -factor 0.5
gui_zoom -window Wave.1 -factor 2
gui_zoom -window Wave.1 -factor 2
gui_zoom -window Wave.1 -factor 2
gui_zoom -window Wave.1 -factor 2
gui_zoom -window Wave.1 -factor 2
gui_zoom -window Wave.1 -factor 2
gui_zoom -window Wave.1 -factor 2
gui_marker_move -id  Wave.1 C1 1088.266
gui_marker_move -id  Wave.1 C1 1086.157
gui_marker_move -id  Wave.1 C1 1083.186
gui_marker_move -id  Wave.1 C1 1082.083
gui_marker_move -id  Wave.1 C1 1081.7
gui_marker_move -id  Wave.1 C1 1081.077
gui_marker_move -id  Wave.1 C1 1080.741
gui_marker_move -id  Wave.1 C1 1079.974
gui_marker_move -id  Wave.1 C1 1078.92
gui_marker_move -id  Wave.1 C1 1077.338
gui_marker_move -id  Wave.1 C1 1081
gui_marker_move -id  Wave.1 C1 1081
gui_marker_move -id  Wave.1 C1 1078.009
gui_marker_move -id  Wave.1 C1 1081
gui_zoom -window Wave.1 -factor 2
gui_zoom -window Wave.1 -factor 2
gui_zoom -window Wave.1 -factor 2
gui_zoom -window Wave.1 -factor 2
gui_scroll -window Wave.1 -hrel -.2
gui_scroll -window Wave.1 -hrel -.2
gui_scroll -window Wave.1 -hrel -.2
gui_scroll -window Wave.1 -hrel -.2
gui_scroll -window Wave.1 -hrel -.2
gui_scroll -window Wave.1 -hrel -.2
gui_scroll -window Wave.1 -hrel -.2
gui_scroll -window Wave.1 -hrel -.2
gui_scroll -window Wave.1 -hrel -.2
gui_scroll -window Wave.1 -hrel -.2
gui_scroll -window Wave.1 -hrel -.2
gui_scroll -window Wave.1 -hrel -.2
gui_scroll -window Wave.1 -hrel -.2
gui_scroll -window Wave.1 -hrel -.2
gui_scroll -window Wave.1 -hrel -.2
gui_scroll -window Wave.1 -hrel -.2
gui_scroll -window Wave.1 -hrel -.2
gui_scroll -window Wave.1 -hrel -.2
gui_scroll -window Wave.1 -hrel -.2
gui_scroll -window Wave.1 -hrel -.2
gui_scroll -window Wave.1 -hrel -.2
gui_scroll -window Wave.1 -hrel .2
gui_scroll -window Wave.1 -hrel .2
gui_scroll -window Wave.1 -hrel .2
gui_scroll -window Wave.1 -hrel .2
gui_scroll -window Wave.1 -hrel .2
gui_scroll -window Wave.1 -hrel .2
gui_scroll -window Wave.1 -hrel .2
gui_scroll -window Wave.1 -hrel .2
gui_scroll -window Wave.1 -hrel .2
gui_scroll -window Wave.1 -hrel .2
gui_scroll -window Wave.1 -hrel .2
gui_scroll -window Wave.1 -hrel .2
gui_scroll -window Wave.1 -hrel .2
gui_scroll -window Wave.1 -hrel .2
gui_scroll -window Wave.1 -hrel .2
gui_scroll -window Wave.1 -hrel .2
gui_scroll -window Wave.1 -hrel .2
gui_scroll -window Wave.1 -hrel .2
gui_list_select -id Wave.1 -selected  { V1:ddr_system.awready   }
gui_marker_move -id  Wave.1 C1 1003.18
gui_scroll -window Wave.1 -hrel .2
gui_scroll -window Wave.1 -hrel .2
gui_scroll -window Wave.1 -hrel .2
gui_scroll -window Wave.1 -hrel .2
gui_scroll -window Wave.1 -hrel .2
gui_scroll -window Wave.1 -hrel .2
gui_scroll -window Wave.1 -hrel .2
gui_scroll -window Wave.1 -hrel .2
gui_scroll -window Wave.1 -hrel .2
gui_scroll -window Wave.1 -hrel .2
gui_scroll -window Wave.1 -hrel .2
gui_scroll -window Wave.1 -hrel .2
gui_scroll -window Wave.1 -hrel .2
gui_scroll -window Wave.1 -hrel .2
gui_scroll -window Wave.1 -hrel .2
gui_scroll -window Wave.1 -hrel .2
gui_scroll -window Wave.1 -hrel .2
gui_scroll -window Wave.1 -hrel .2
gui_scroll -window Wave.1 -hrel .2
gui_scroll -window Wave.1 -hrel .2
gui_scroll -window Wave.1 -hrel .2
gui_scroll -window Wave.1 -hrel .2
gui_scroll -window Wave.1 -hrel .2
gui_scroll -window Wave.1 -hrel .2
gui_scroll -window Wave.1 -hrel .2
gui_scroll -window Wave.1 -hrel .2
gui_scroll -window Wave.1 -hrel .2
gui_scroll -window Wave.1 -hrel .2
gui_scroll -window Wave.1 -hrel .2
gui_scroll -window Wave.1 -hrel .2
gui_scroll -window Wave.1 -hrel .2
gui_scroll -window Wave.1 -hrel .2
gui_scroll -window Wave.1 -hrel .2
gui_scroll -window Wave.1 -hrel .2
gui_scroll -window Wave.1 -hrel .2
gui_scroll -window Wave.1 -hrel .2
gui_scroll -window Wave.1 -hrel .2
gui_scroll -window Wave.1 -hrel .2
gui_scroll -window Wave.1 -hrel .2
gui_scroll -window Wave.1 -hrel .2
gui_scroll -window Wave.1 -hrel .2
gui_scroll -window Wave.1 -hrel .2
gui_scroll -window Wave.1 -hrel .2
gui_scroll -window Wave.1 -hrel .2
gui_scroll -window Wave.1 -hrel .2
gui_scroll -window Wave.1 -hrel .2
gui_scroll -window Wave.1 -hrel .2
gui_scroll -window Wave.1 -hrel .2
gui_scroll -window Wave.1 -hrel .2
gui_scroll -window Wave.1 -hrel .2
gui_scroll -window Wave.1 -hrel .2
gui_scroll -window Wave.1 -hrel .2
gui_scroll -window Wave.1 -hrel .2
gui_scroll -window Wave.1 -hrel .2
gui_scroll -window Wave.1 -hrel .2
gui_scroll -window Wave.1 -hrel .2
gui_scroll -window Wave.1 -hrel .2
gui_scroll -window Wave.1 -hrel .2
gui_scroll -window Wave.1 -hrel .2
gui_scroll -window Wave.1 -hrel .2
gui_scroll -window Wave.1 -hrel .2
gui_scroll -window Wave.1 -hrel .2
gui_scroll -window Wave.1 -hrel .2
gui_scroll -window Wave.1 -hrel .2
gui_scroll -window Wave.1 -hrel .2
gui_scroll -window Wave.1 -hrel .2
gui_scroll -window Wave.1 -hrel .2
gui_scroll -window Wave.1 -hrel .2
gui_scroll -window Wave.1 -hrel .2
gui_scroll -window Wave.1 -hrel .2
gui_scroll -window Wave.1 -hrel .2
gui_scroll -window Wave.1 -hrel .2
gui_scroll -window Wave.1 -hrel .2
gui_scroll -window Wave.1 -hrel .2
gui_scroll -window Wave.1 -hrel .2
gui_scroll -window Wave.1 -hrel .2
gui_scroll -window Wave.1 -hrel .2
gui_scroll -window Wave.1 -hrel .2
gui_scroll -window Wave.1 -hrel .2
gui_scroll -window Wave.1 -hrel .2
gui_scroll -window Wave.1 -hrel .2
gui_scroll -window Wave.1 -hrel .2
gui_scroll -window Wave.1 -hrel .2
gui_scroll -window Wave.1 -hrel .2
gui_scroll -window Wave.1 -hrel .2
gui_scroll -window Wave.1 -hrel .2
gui_scroll -window Wave.1 -hrel .2
gui_scroll -window Wave.1 -hrel .2
gui_scroll -window Wave.1 -hrel .2
gui_scroll -window Wave.1 -hrel .2
gui_scroll -window Wave.1 -hrel .2
gui_scroll -window Wave.1 -hrel .2
gui_scroll -window Wave.1 -hrel .2
gui_scroll -window Wave.1 -hrel .2
gui_scroll -window Wave.1 -hrel .2
gui_scroll -window Wave.1 -hrel .2
gui_scroll -window Wave.1 -hrel .2
gui_scroll -window Wave.1 -hrel .2
gui_scroll -window Wave.1 -hrel .2
gui_scroll -window Wave.1 -hrel .2
gui_scroll -window Wave.1 -hrel .2
gui_scroll -window Wave.1 -hrel .2
gui_scroll -window Wave.1 -hrel .2
gui_scroll -window Wave.1 -hrel .2
gui_scroll -window Wave.1 -hrel .2
gui_scroll -window Wave.1 -hrel .2
gui_scroll -window Wave.1 -hrel .2
gui_save_session -reload -default_file
gui_marker_move -id  Wave.1 C1 3763.369
gui_marker_move -id  Wave.1 C1 3763.009
gui_marker_move -id  Wave.1 C1 3763.222
gui_wv_zoom_timerange -id  Wave.1 3763.477 3763.498
gui_wv_zoom_timerange -id  Wave.1 3763.476 3763.477
gui_zoom -window Wave.1 -full
gui_wv_zoom_timerange -id  Wave.1 0 11795742.415
gui_wv_zoom_timerange -id  Wave.1 0 205500.739
gui_marker_move -id  Wave.1 C1 0
gui_wv_zoom_timerange -id  Wave.1 0 7339.312
gui_wv_zoom_timerange -id  Wave.1 0 230.153
gui_marker_move -id  Wave.1 C1 15.036
gui_marker_move -id  Wave.1 C1 25.06
gui_marker_move -id  Wave.1 C1 30
gui_marker_move -id  Wave.1 C1 38.492
gui_marker_move -id  Wave.1 C1 57.939
gui_marker_move -id  Wave.1 C1 23.055
gui_list_select -id Wave.1 -selected  { {V1:ddr_system.axiWrStatus[2:0]}   }
gui_marker_move -id  Wave.1 C1 39.294
gui_marker_move -id  Wave.1 C1 56.135
gui_marker_move -id  Wave.1 C1 70
gui_wv_zoom_timerange -id  Wave.1 93.825 96.632
gui_zoom -window Wave.1 -factor 0.5
gui_zoom -window Wave.1 -factor 0.5
gui_save_session -reload -default_file
gui_list_select -id Wave.1 -selected  { V3:ddr_system.clk_i   }
gui_marker_move -id  Wave.1 C1 94.376
gui_marker_move -id  Wave.1 C1 93.3
gui_marker_move -id  Wave.1 C1 90.895
gui_marker_move -id  Wave.1 C1 90.308
gui_marker_move -id  Wave.1 C1 90.152
gui_marker_move -id  Wave.1 C1 89.849
gui_marker_move -id  Wave.1 C1 90.357
gui_marker_move -id  Wave.1 C1 91.609
gui_marker_move -id  Wave.1 C1 94.894
gui_zoom -window Wave.1 -factor 0.5
gui_zoom -window Wave.1 -factor 0.5
gui_zoom -window Wave.1 -factor 0.5
gui_zoom -window Wave.1 -factor 0.5
gui_zoom -window Wave.1 -factor 0.5
gui_zoom -window Wave.1 -factor 0.5
gui_zoom -window Wave.1 -factor 0.5
gui_zoom -window Wave.1 -factor 2
gui_zoom -window Wave.1 -factor 2
gui_zoom -window Wave.1 -factor 2
gui_zoom -window Wave.1 -factor 2
gui_marker_move -id  Wave.1 C1 128.823
gui_scroll -window Wave.1 -hrel .2
gui_scroll -window Wave.1 -hrel .2
gui_scroll -window Wave.1 -hrel .2
gui_scroll -window Wave.1 -hrel .2
gui_scroll -window Wave.1 -hrel .2
gui_scroll -window Wave.1 -hrel .2
gui_scroll -window Wave.1 -hrel .2
gui_scroll -window Wave.1 -hrel .2
gui_scroll -window Wave.1 -hrel .2
gui_scroll -window Wave.1 -hrel .2
gui_scroll -window Wave.1 -hrel .2
gui_scroll -window Wave.1 -hrel .2
gui_scroll -window Wave.1 -hrel .2
gui_scroll -window Wave.1 -hrel .2
gui_scroll -window Wave.1 -hrel .2
gui_scroll -window Wave.1 -hrel .2
gui_scroll -window Wave.1 -hrel .2
gui_scroll -window Wave.1 -hrel .2
gui_scroll -window Wave.1 -hrel .2
gui_scroll -window Wave.1 -hrel .2
gui_scroll -window Wave.1 -hrel .2
gui_scroll -window Wave.1 -hrel .2
gui_scroll -window Wave.1 -hrel .2
gui_scroll -window Wave.1 -hrel .2
gui_scroll -window Wave.1 -hrel .2
gui_scroll -window Wave.1 -hrel .2
gui_scroll -window Wave.1 -hrel .2
gui_scroll -window Wave.1 -hrel .2
gui_scroll -window Wave.1 -hrel .2
gui_scroll -window Wave.1 -hrel .2
gui_scroll -window Wave.1 -hrel .2
gui_scroll -window Wave.1 -hrel .2
gui_scroll -window Wave.1 -hrel .2
gui_scroll -window Wave.1 -hrel .2
gui_scroll -window Wave.1 -hrel .2
gui_scroll -window Wave.1 -hrel .2
gui_scroll -window Wave.1 -hrel .2
gui_scroll -window Wave.1 -hrel .2
gui_scroll -window Wave.1 -hrel .2
gui_scroll -window Wave.1 -hrel .2
gui_scroll -window Wave.1 -hrel .2
gui_scroll -window Wave.1 -hrel .2
gui_scroll -window Wave.1 -hrel .2
gui_scroll -window Wave.1 -hrel .2
gui_scroll -window Wave.1 -hrel .2
gui_scroll -window Wave.1 -hrel .2
gui_scroll -window Wave.1 -hrel .2
gui_scroll -window Wave.1 -hrel .2
gui_scroll -window Wave.1 -hrel .2
gui_scroll -window Wave.1 -hrel .2
gui_scroll -window Wave.1 -hrel .2
gui_scroll -window Wave.1 -hrel .2
gui_scroll -window Wave.1 -hrel .2
gui_scroll -window Wave.1 -hrel .2
gui_scroll -window Wave.1 -hrel .2
gui_scroll -window Wave.1 -hrel .2
gui_scroll -window Wave.1 -hrel .2
gui_scroll -window Wave.1 -hrel .2
gui_scroll -window Wave.1 -hrel .2
gui_scroll -window Wave.1 -hrel .2
gui_scroll -window Wave.1 -hrel .2
gui_scroll -window Wave.1 -hrel .2
gui_scroll -window Wave.1 -hrel .2
gui_scroll -window Wave.1 -hrel .2
gui_scroll -window Wave.1 -hrel .2
gui_scroll -window Wave.1 -hrel .2
gui_scroll -window Wave.1 -hrel .2
gui_scroll -window Wave.1 -hrel -.2
gui_scroll -window Wave.1 -hrel -.2
gui_scroll -window Wave.1 -hrel -.2
gui_scroll -window Wave.1 -hrel -.2
gui_scroll -window Wave.1 -hrel -.2
gui_scroll -window Wave.1 -hrel -.2
gui_scroll -window Wave.1 -hrel -.2
gui_scroll -window Wave.1 -hrel -.2
gui_scroll -window Wave.1 -hrel -.2
gui_scroll -window Wave.1 -hrel -.2
gui_scroll -window Wave.1 -hrel -.2
gui_scroll -window Wave.1 -hrel -.2
gui_scroll -window Wave.1 -hrel -.2
gui_scroll -window Wave.1 -hrel -.2
gui_scroll -window Wave.1 -hrel -.2
gui_scroll -window Wave.1 -hrel -.2
gui_marker_move -id  Wave.1 C1 1484.4
gui_scroll -window Wave.1 -hrel -.2
gui_scroll -window Wave.1 -hrel -.2
gui_scroll -window Wave.1 -hrel -.2
gui_scroll -window Wave.1 -hrel -.2
gui_scroll -window Wave.1 -hrel -.2
gui_scroll -window Wave.1 -hrel -.2
gui_scroll -window Wave.1 -hrel -.2
gui_scroll -window Wave.1 -hrel -.2
gui_scroll -window Wave.1 -hrel -.2
gui_scroll -window Wave.1 -hrel -.2
gui_scroll -window Wave.1 -hrel -.2
gui_scroll -window Wave.1 -hrel -.2
gui_scroll -window Wave.1 -hrel -.2
gui_scroll -window Wave.1 -hrel -.2
gui_scroll -window Wave.1 -hrel -.2
gui_scroll -window Wave.1 -hrel -.2
gui_scroll -window Wave.1 -hrel -.2
gui_scroll -window Wave.1 -hrel -.2
gui_scroll -window Wave.1 -hrel -.2
gui_scroll -window Wave.1 -hrel -.2
gui_scroll -window Wave.1 -hrel -.2
gui_scroll -window Wave.1 -hrel -.2
gui_scroll -window Wave.1 -hrel -.2
gui_marker_move -id  Wave.1 C1 874.778
gui_marker_move -id  Wave.1 C1 891.751
gui_marker_move -id  Wave.1 C1 899.807
gui_scroll -window Wave.1 -hrel .2
gui_scroll -window Wave.1 -hrel .2
gui_scroll -window Wave.1 -hrel .2
gui_marker_move -id  Wave.1 C1 979.98
gui_scroll -window Wave.1 -hrel .2
gui_scroll -window Wave.1 -hrel .2
gui_marker_move -id  Wave.1 C1 1033.48
gui_marker_move -id  Wave.1 C1 1020.339
gui_marker_move -id  Wave.1 C1 1014.63
gui_marker_move -id  Wave.1 C1 1024.798
gui_list_collapse -id  Wave.1   {V1:ddr_system.axiWrStatus[2:0]}
gui_marker_move -id  Wave.1 C1 1018.775
gui_marker_move -id  Wave.1 C1 1024.876
gui_marker_move -id  Wave.1 C1 1030.977
gui_list_select -id Wave.1 -selected  { {V1:ddr_system.axiWrStatus[2:0]}   }
gui_marker_move -id  Wave.1 C1 1034.888
gui_save_session -reload -default_file
gui_marker_move -id  Wave.1 C1 1018.384
gui_marker_move -id  Wave.1 C1 1011.892
gui_marker_move -id  Wave.1 C1 1010
gui_marker_move -id  Wave.1 C1 1004.618
gui_marker_move -id  Wave.1 C1 1001.333
gui_marker_move -id  Wave.1 C1 1000.316
gui_marker_move -id  Wave.1 C1 990
gui_marker_move -id  Wave.1 C1 1000.551
gui_marker_move -id  Wave.1 C1 999.847
gui_marker_move -id  Wave.1 C1 1010
gui_list_select -id Wave.1 -selected  { V1:ddr_system.awready   }
gui_marker_move -id  Wave.1 C1 976.303
gui_marker_move -id  Wave.1 C1 1006.339
gui_scroll -window Wave.1 -hrel .2
gui_scroll -window Wave.1 -hrel .2
gui_scroll -window Wave.1 -hrel .2
gui_scroll -window Wave.1 -hrel .2
gui_scroll -window Wave.1 -hrel .2
gui_scroll -window Wave.1 -hrel .2
gui_scroll -window Wave.1 -hrel .2
gui_scroll -window Wave.1 -hrel .2
gui_scroll -window Wave.1 -hrel .2
gui_scroll -window Wave.1 -hrel .2
gui_scroll -window Wave.1 -hrel .2
gui_scroll -window Wave.1 -hrel .2
gui_scroll -window Wave.1 -hrel .2
gui_scroll -window Wave.1 -hrel .2
gui_scroll -window Wave.1 -hrel -.2
gui_scroll -window Wave.1 -hrel -.2
gui_scroll -window Wave.1 -hrel -.2
gui_scroll -window Wave.1 -hrel -.2
gui_scroll -window Wave.1 -hrel -.2
gui_scroll -window Wave.1 -hrel -.2
gui_scroll -window Wave.1 -hrel -.2
gui_scroll -window Wave.1 -hrel -.2
gui_scroll -window Wave.1 -hrel -.2
gui_scroll -window Wave.1 -hrel -.2
gui_scroll -window Wave.1 -hrel -.2
gui_scroll -window Wave.1 -hrel -.2
gui_scroll -window Wave.1 -hrel -.2
gui_scroll -window Wave.1 -hrel -.2
gui_scroll -window Wave.1 -hrel -.2
gui_scroll -window Wave.1 -hrel -.2
gui_scroll -window Wave.1 -hrel -.2
gui_scroll -window Wave.1 -hrel -.2
gui_scroll -window Wave.1 -hrel -.2
gui_scroll -window Wave.1 -hrel -.2
gui_scroll -window Wave.1 -hrel -.2
gui_scroll -window Wave.1 -hrel -.2
gui_scroll -window Wave.1 -hrel -.2
gui_scroll -window Wave.1 -hrel -.2
gui_scroll -window Wave.1 -hrel -.2
gui_scroll -window Wave.1 -hrel -.2
gui_scroll -window Wave.1 -hrel -.2
gui_scroll -window Wave.1 -hrel -.2
gui_scroll -window Wave.1 -hrel -.2
gui_scroll -window Wave.1 -hrel -.2
gui_scroll -window Wave.1 -hrel -.2
gui_scroll -window Wave.1 -hrel -.2
gui_scroll -window Wave.1 -hrel -.2
gui_scroll -window Wave.1 -hrel -.2
gui_scroll -window Wave.1 -hrel -.2
gui_scroll -window Wave.1 -hrel -.2
gui_scroll -window Wave.1 -hrel -.2
gui_scroll -window Wave.1 -hrel -.2
gui_scroll -window Wave.1 -hrel -.2
gui_scroll -window Wave.1 -hrel -.2
gui_scroll -window Wave.1 -hrel -.2
gui_scroll -window Wave.1 -hrel -.2
gui_scroll -window Wave.1 -hrel -.2
gui_scroll -window Wave.1 -hrel -.2
gui_scroll -window Wave.1 -hrel -.2
gui_scroll -window Wave.1 -hrel -.2
gui_scroll -window Wave.1 -hrel -.2
gui_scroll -window Wave.1 -hrel -.2
gui_scroll -window Wave.1 -hrel -.2
gui_scroll -window Wave.1 -hrel -.2
gui_scroll -window Wave.1 -hrel -.2
gui_scroll -window Wave.1 -hrel -.2
gui_scroll -window Wave.1 -hrel -.2
gui_scroll -window Wave.1 -hrel -.2
gui_scroll -window Wave.1 -hrel -.2
gui_scroll -window Wave.1 -hrel -.2
gui_scroll -window Wave.1 -hrel -.2
gui_scroll -window Wave.1 -hrel -.2
gui_scroll -window Wave.1 -hrel -.2
gui_scroll -window Wave.1 -hrel -.2
gui_scroll -window Wave.1 -hrel -.2
gui_scroll -window Wave.1 -hrel -.2
gui_scroll -window Wave.1 -hrel -.2
gui_scroll -window Wave.1 -hrel -.2
gui_scroll -window Wave.1 -hrel -.2
gui_scroll -window Wave.1 -hrel -.2
gui_scroll -window Wave.1 -hrel -.2
gui_scroll -window Wave.1 -hrel -.2
gui_scroll -window Wave.1 -hrel -.2
gui_scroll -window Wave.1 -hrel -.2
gui_scroll -window Wave.1 -hrel -.2
gui_scroll -window Wave.1 -hrel -.2
gui_scroll -window Wave.1 -hrel -.2
gui_scroll -window Wave.1 -hrel -.2
gui_scroll -window Wave.1 -hrel -.2
gui_scroll -window Wave.1 -hrel -.2
gui_scroll -window Wave.1 -hrel -.2
gui_scroll -window Wave.1 -hrel -.2
gui_scroll -window Wave.1 -hrel -.2
gui_scroll -window Wave.1 -hrel -.2
gui_scroll -window Wave.1 -hrel -.2
gui_scroll -window Wave.1 -hrel -.2
gui_scroll -window Wave.1 -hrel -.2
gui_scroll -window Wave.1 -hrel -.2
gui_scroll -window Wave.1 -hrel -.2
gui_scroll -window Wave.1 -hrel -.2
gui_scroll -window Wave.1 -hrel -.2
gui_scroll -window Wave.1 -hrel -.2
gui_scroll -window Wave.1 -hrel -.2
gui_scroll -window Wave.1 -hrel -.2
gui_scroll -window Wave.1 -hrel -.2
gui_scroll -window Wave.1 -hrel -.2
gui_scroll -window Wave.1 -hrel -.2
gui_scroll -window Wave.1 -hrel -.2
gui_scroll -window Wave.1 -hrel -.2
gui_scroll -window Wave.1 -hrel -.2
gui_scroll -window Wave.1 -hrel -.2
gui_scroll -window Wave.1 -hrel -.2
gui_scroll -window Wave.1 -hrel -.2
gui_scroll -window Wave.1 -hrel -.2
gui_scroll -window Wave.1 -hrel -.2
gui_scroll -window Wave.1 -hrel -.2
gui_scroll -window Wave.1 -hrel -.2
gui_scroll -window Wave.1 -hrel -.2
gui_scroll -window Wave.1 -hrel -.2
gui_scroll -window Wave.1 -hrel -.2
gui_scroll -window Wave.1 -hrel -.2
gui_scroll -window Wave.1 -hrel -.2
gui_scroll -window Wave.1 -hrel -.2
gui_scroll -window Wave.1 -hrel -.2
gui_scroll -window Wave.1 -hrel -.2
gui_scroll -window Wave.1 -hrel -.2
gui_scroll -window Wave.1 -hrel -.2
gui_scroll -window Wave.1 -hrel -.2
gui_scroll -window Wave.1 -hrel -.2
gui_scroll -window Wave.1 -hrel -.2
gui_scroll -window Wave.1 -hrel -.2
gui_scroll -window Wave.1 -hrel -.2
gui_scroll -window Wave.1 -hrel -.2
gui_scroll -window Wave.1 -hrel -.2
gui_scroll -window Wave.1 -hrel -.2
gui_scroll -window Wave.1 -hrel -.2
gui_scroll -window Wave.1 -hrel -.2
gui_scroll -window Wave.1 -hrel -.2
gui_scroll -window Wave.1 -hrel -.2
gui_scroll -window Wave.1 -hrel -.2
gui_scroll -window Wave.1 -hrel -.2
gui_scroll -window Wave.1 -hrel -.2
gui_scroll -window Wave.1 -hrel -.2
gui_scroll -window Wave.1 -hrel -.2
gui_scroll -window Wave.1 -hrel -.2
gui_scroll -window Wave.1 -hrel -.2
gui_scroll -window Wave.1 -hrel -.2
gui_scroll -window Wave.1 -hrel -.2
gui_scroll -window Wave.1 -hrel -.2
gui_scroll -window Wave.1 -hrel -.2
gui_scroll -window Wave.1 -hrel -.2
gui_scroll -window Wave.1 -hrel -.2
gui_scroll -window Wave.1 -hrel -.2
gui_scroll -window Wave.1 -hrel -.2
gui_scroll -window Wave.1 -hrel -.2
gui_scroll -window Wave.1 -hrel -.2
gui_scroll -window Wave.1 -hrel -.2
gui_scroll -window Wave.1 -hrel -.2
gui_scroll -window Wave.1 -hrel -.2
gui_scroll -window Wave.1 -hrel -.2
gui_scroll -window Wave.1 -hrel -.2
gui_scroll -window Wave.1 -hrel -.2
gui_scroll -window Wave.1 -hrel -.2
gui_scroll -window Wave.1 -hrel -.2
gui_scroll -window Wave.1 -hrel -.2
gui_scroll -window Wave.1 -hrel -.2
gui_scroll -window Wave.1 -hrel -.2
gui_scroll -window Wave.1 -hrel -.2
gui_scroll -window Wave.1 -hrel -.2
gui_scroll -window Wave.1 -hrel -.2
gui_scroll -window Wave.1 -hrel -.2
gui_scroll -window Wave.1 -hrel -.2
gui_scroll -window Wave.1 -hrel -.2
gui_scroll -window Wave.1 -hrel -.2
gui_scroll -window Wave.1 -hrel -.2
gui_scroll -window Wave.1 -hrel -.2
gui_scroll -window Wave.1 -hrel -.2
gui_scroll -window Wave.1 -hrel -.2
gui_scroll -window Wave.1 -hrel -.2
gui_scroll -window Wave.1 -hrel -.2
gui_scroll -window Wave.1 -hrel -.2
gui_scroll -window Wave.1 -hrel -.2
gui_scroll -window Wave.1 -hrel -.2
gui_scroll -window Wave.1 -hrel -.2
gui_scroll -window Wave.1 -hrel -.2
gui_scroll -window Wave.1 -hrel -.2
gui_scroll -window Wave.1 -hrel -.2
gui_scroll -window Wave.1 -hrel -.2
gui_scroll -window Wave.1 -hrel -.2
gui_scroll -window Wave.1 -hrel -.2
gui_scroll -window Wave.1 -hrel -.2
gui_scroll -window Wave.1 -hrel -.2
gui_scroll -window Wave.1 -hrel -.2
gui_marker_move -id  Wave.1 C1 24.169
gui_scroll -window Wave.1 -hrel .2
gui_scroll -window Wave.1 -hrel .2
gui_scroll -window Wave.1 -hrel .2
gui_scroll -window Wave.1 -hrel .2
gui_scroll -window Wave.1 -hrel .2
gui_scroll -window Wave.1 -hrel .2
gui_scroll -window Wave.1 -hrel .2
gui_scroll -window Wave.1 -hrel .2
gui_scroll -window Wave.1 -hrel .2
gui_scroll -window Wave.1 -hrel .2
gui_scroll -window Wave.1 -hrel .2
gui_scroll -window Wave.1 -hrel .2
gui_scroll -window Wave.1 -hrel .2
gui_scroll -window Wave.1 -hrel .2
gui_scroll -window Wave.1 -hrel .2
gui_scroll -window Wave.1 -hrel .2
gui_scroll -window Wave.1 -hrel .2
gui_scroll -window Wave.1 -hrel .2
gui_scroll -window Wave.1 -hrel .2
gui_scroll -window Wave.1 -hrel .2
gui_scroll -window Wave.1 -hrel .2
gui_scroll -window Wave.1 -hrel .2
gui_scroll -window Wave.1 -hrel .2
gui_scroll -window Wave.1 -hrel .2
gui_scroll -window Wave.1 -hrel .2
gui_scroll -window Wave.1 -hrel .2
gui_scroll -window Wave.1 -hrel .2
gui_scroll -window Wave.1 -hrel .2
gui_scroll -window Wave.1 -hrel .2
gui_scroll -window Wave.1 -hrel .2
gui_scroll -window Wave.1 -hrel .2
gui_scroll -window Wave.1 -hrel .2
gui_scroll -window Wave.1 -hrel .2
gui_scroll -window Wave.1 -hrel .2
gui_scroll -window Wave.1 -hrel .2
gui_scroll -window Wave.1 -hrel .2
gui_scroll -window Wave.1 -hrel .2
gui_scroll -window Wave.1 -hrel .2
gui_scroll -window Wave.1 -hrel .2
gui_scroll -window Wave.1 -hrel .2
gui_scroll -window Wave.1 -hrel .2
gui_scroll -window Wave.1 -hrel .2
gui_scroll -window Wave.1 -hrel .2
gui_scroll -window Wave.1 -hrel .2
gui_scroll -window Wave.1 -hrel .2
gui_scroll -window Wave.1 -hrel .2
gui_scroll -window Wave.1 -hrel .2
gui_scroll -window Wave.1 -hrel .2
gui_scroll -window Wave.1 -hrel .2
gui_scroll -window Wave.1 -hrel .2
gui_scroll -window Wave.1 -hrel .2
gui_scroll -window Wave.1 -hrel .2
gui_scroll -window Wave.1 -hrel .2
gui_scroll -window Wave.1 -hrel .2
gui_scroll -window Wave.1 -hrel .2
gui_scroll -window Wave.1 -hrel .2
gui_scroll -window Wave.1 -hrel .2
gui_scroll -window Wave.1 -hrel .2
gui_scroll -window Wave.1 -hrel .2
gui_scroll -window Wave.1 -hrel .2
gui_scroll -window Wave.1 -hrel .2
gui_scroll -window Wave.1 -hrel .2
gui_scroll -window Wave.1 -hrel .2
gui_scroll -window Wave.1 -hrel .2
gui_scroll -window Wave.1 -hrel .2
gui_scroll -window Wave.1 -hrel .2
gui_scroll -window Wave.1 -hrel .2
gui_scroll -window Wave.1 -hrel .2
gui_scroll -window Wave.1 -hrel .2
gui_scroll -window Wave.1 -hrel .2
gui_scroll -window Wave.1 -hrel .2
gui_scroll -window Wave.1 -hrel .2
gui_scroll -window Wave.1 -hrel .2
gui_scroll -window Wave.1 -hrel .2
gui_scroll -window Wave.1 -hrel .2
gui_scroll -window Wave.1 -hrel .2
gui_scroll -window Wave.1 -hrel .2
gui_scroll -window Wave.1 -hrel .2
gui_scroll -window Wave.1 -hrel .2
gui_scroll -window Wave.1 -hrel .2
gui_scroll -window Wave.1 -hrel .2
gui_scroll -window Wave.1 -hrel .2
gui_scroll -window Wave.1 -hrel .2
gui_scroll -window Wave.1 -hrel .2
gui_scroll -window Wave.1 -hrel .2
gui_scroll -window Wave.1 -hrel .2
gui_scroll -window Wave.1 -hrel .2
gui_scroll -window Wave.1 -hrel .2
gui_scroll -window Wave.1 -hrel .2
gui_scroll -window Wave.1 -hrel .2
gui_scroll -window Wave.1 -hrel .2
gui_scroll -window Wave.1 -hrel .2
gui_scroll -window Wave.1 -hrel .2
gui_scroll -window Wave.1 -hrel .2
gui_scroll -window Wave.1 -hrel .2
gui_scroll -window Wave.1 -hrel .2
gui_scroll -window Wave.1 -hrel .2
gui_scroll -window Wave.1 -hrel .2
gui_scroll -window Wave.1 -hrel .2
gui_scroll -window Wave.1 -hrel .2
gui_scroll -window Wave.1 -hrel .2
gui_scroll -window Wave.1 -hrel .2
gui_scroll -window Wave.1 -hrel .2
gui_scroll -window Wave.1 -hrel .2
gui_scroll -window Wave.1 -hrel .2
gui_scroll -window Wave.1 -hrel .2
gui_scroll -window Wave.1 -hrel .2
gui_scroll -window Wave.1 -hrel .2
gui_scroll -window Wave.1 -hrel .2
gui_scroll -window Wave.1 -hrel .2
gui_scroll -window Wave.1 -hrel .2
gui_scroll -window Wave.1 -hrel .2
gui_scroll -window Wave.1 -hrel .2
gui_scroll -window Wave.1 -hrel .2
gui_scroll -window Wave.1 -hrel .2
gui_scroll -window Wave.1 -hrel .2
gui_scroll -window Wave.1 -hrel .2
gui_scroll -window Wave.1 -hrel .2
gui_scroll -window Wave.1 -hrel .2
gui_scroll -window Wave.1 -hrel .2
gui_scroll -window Wave.1 -hrel .2
gui_scroll -window Wave.1 -hrel .2
gui_scroll -window Wave.1 -hrel .2
gui_scroll -window Wave.1 -hrel .2
gui_scroll -window Wave.1 -hrel .2
gui_scroll -window Wave.1 -hrel .2
gui_scroll -window Wave.1 -hrel .2
gui_scroll -window Wave.1 -hrel .2
gui_scroll -window Wave.1 -hrel .2
gui_scroll -window Wave.1 -hrel .2
gui_scroll -window Wave.1 -hrel .2
gui_scroll -window Wave.1 -hrel .2
gui_scroll -window Wave.1 -hrel .2
gui_scroll -window Wave.1 -hrel .2
gui_scroll -window Wave.1 -hrel .2
gui_scroll -window Wave.1 -hrel .2
gui_scroll -window Wave.1 -hrel .2
gui_scroll -window Wave.1 -hrel .2
gui_scroll -window Wave.1 -hrel .2
gui_scroll -window Wave.1 -hrel .2
gui_scroll -window Wave.1 -hrel .2
gui_scroll -window Wave.1 -hrel .2
gui_zoom -window Wave.1 -full
gui_list_set_filter -id Data.1 -text {rst_i}
gui_list_select -id Data.1 -selected  { V3:ddr_system.rst_i   }
gui_list_add -id Wave.1 -from Data.1 { V3:ddr_system.rst_i } -insertionbar
gui_list_select -id Wave.1 -selected  { V3:ddr_system.rst_i   }
gui_wv_zoom_timerange -id  Wave.1 0 73302113.577
gui_wv_zoom_timerange -id  Wave.1 0 5810533.393
gui_wv_zoom_timerange -id  Wave.1 0 344177.936
gui_wv_zoom_timerange -id  Wave.1 0 11692.456
gui_marker_move -id  Wave.1 C1 1000
gui_wv_zoom_timerange -id  Wave.1 0 621.289
gui_marker_move -id  Wave.1 C1 128.263
gui_scroll -window Wave.1 -hrel .2
gui_scroll -window Wave.1 -hrel .2
gui_scroll -window Wave.1 -hrel .2
gui_scroll -window Wave.1 -hrel .2
gui_scroll -window Wave.1 -hrel .2
gui_scroll -window Wave.1 -hrel .2
gui_scroll -window Wave.1 -hrel .2
gui_scroll -window Wave.1 -hrel .2
gui_scroll -window Wave.1 -hrel .2
gui_scroll -window Wave.1 -hrel .2
gui_scroll -window Wave.1 -hrel .2
gui_scroll -window Wave.1 -hrel .2
gui_scroll -window Wave.1 -hrel .2
gui_scroll -window Wave.1 -hrel .2
gui_scroll -window Wave.1 -hrel .2
gui_scroll -window Wave.1 -hrel .2
gui_scroll -window Wave.1 -hrel .2
gui_scroll -window Wave.1 -hrel .2
gui_scroll -window Wave.1 -hrel .2
gui_scroll -window Wave.1 -hrel .2
gui_scroll -window Wave.1 -hrel .2
gui_scroll -window Wave.1 -hrel .2
gui_scroll -window Wave.1 -hrel .2
gui_scroll -window Wave.1 -hrel .2
gui_scroll -window Wave.1 -hrel .2
gui_scroll -window Wave.1 -hrel .2
gui_scroll -window Wave.1 -hrel .2
gui_scroll -window Wave.1 -hrel .2
gui_scroll -window Wave.1 -hrel .2
gui_marker_move -id  Wave.1 C1 1000
gui_marker_move -id  Wave.1 C1 1038.548
gui_list_select -id Wave.1 -selected  { V1:ddr_system.awvalid   }
gui_marker_move -id  Wave.1 C1 1030
gui_marker_move -id  Wave.1 C1 1010
gui_marker_move -id  Wave.1 C1 990
gui_marker_move -id  Wave.1 C1 1010
gui_marker_move -id  Wave.1 C1 998.5
gui_marker_move -id  Wave.1 C1 1001.206
gui_marker_move -id  Wave.1 C1 1034.76
gui_marker_move -id  Wave.1 C1 1000
gui_marker_move -id  Wave.1 C1 1021.771
gui_marker_move -id  Wave.1 C1 1000
gui_list_select -id Wave.1 -selected  { V1:ddr_system.awready   }
gui_list_select -id Wave.1 -selected  { V3:ddr_system.rst_i   }
gui_marker_move -id  Wave.1 C1 969.817
gui_marker_move -id  Wave.1 C1 960.076
gui_marker_move -id  Wave.1 C1 1044.502
gui_list_select -id Wave.1 -selected  { V3:ddr_system.clk_i   }
gui_marker_move -id  Wave.1 C1 1022.854
gui_save_session -reload -default_file
gui_list_set_filter -id Data.1 -text {axiClk}
gui_list_select -id Data.1 -selected  { V3:ddr_system.axiClk   }
gui_list_add -id Wave.1 -from Data.1 { V3:ddr_system.axiClk } -insertionbar
