# Preference setting overrides
gui_create_pref_key -category {Globals} -key {load_detail_for_funcov} -value_type {bool} -value {false}

# State setting overrides
gui_state_default_create -off -ini
gui_set_state_value -category Globals -key recent_databases -value {{gui_open_db -file /home/tangdan/Documents/riscv-ddr/vcdplus.vpd -design V2} {gui_open_db -file /home/liutong/Documents/sdram_system/vcdplus.vpd -design V1} {gui_open_db -file /home/liutong/Documents/sdram_system/vcdplus.vpd -design V2} {gui_open_db -file /home/liutong/Documents/vcdplus.vpd -design V2} {gui_open_db -file /home/liutong/Documents/vcdplus.vpd -design V3}}
gui_set_state_value -category Layout -key child_console_size_x -value 1837
gui_set_state_value -category Layout -key child_console_size_y -value 155
gui_set_state_value -category Layout -key child_data_coltype -value 58
gui_set_state_value -category Layout -key child_data_colvalue -value 118
gui_set_state_value -category Layout -key child_data_colvariable -value 185
gui_set_state_value -category Layout -key child_data_size_x -value 359
gui_set_state_value -category Layout -key child_data_size_y -value 508
gui_set_state_value -category Layout -key child_hier_col3 -value {-1}
gui_set_state_value -category Layout -key child_hier_colpd -value 0
gui_set_state_value -category Layout -key child_hier_size_x -value 150
gui_set_state_value -category Layout -key child_hier_size_y -value 508
gui_set_state_value -category Layout -key child_list_down -value 191
gui_set_state_value -category Layout -key child_list_right -value 442
gui_set_state_value -category Layout -key child_source_docknewline -value false
gui_set_state_value -category Layout -key child_source_pos_x -value {-2}
gui_set_state_value -category Layout -key child_source_pos_y -value {-15}
gui_set_state_value -category Layout -key child_source_size_x -value 1331
gui_set_state_value -category Layout -key child_source_size_y -value 503
gui_set_state_value -category Layout -key child_wave_colname -value 237
gui_set_state_value -category Layout -key child_wave_colvalue -value 237
gui_set_state_value -category Layout -key child_wave_left -value 478
gui_set_state_value -category Layout -key child_wave_right -value 1165
gui_set_state_value -category Layout -key main_pos_x -value {-56}
gui_set_state_value -category Layout -key main_pos_y -value 231
gui_set_state_value -category Layout -key main_size_x -value 1781
gui_set_state_value -category Layout -key main_size_y -value 975
gui_set_state_value -category Layout -key stand_list_child_docknewline -value false
gui_set_state_value -category Layout -key stand_list_child_pos_x -value {-2}
gui_set_state_value -category Layout -key stand_list_child_pos_y -value {-15}
gui_set_state_value -category Layout -key stand_list_child_size_x -value 602
gui_set_state_value -category Layout -key stand_list_child_size_y -value 336
gui_set_state_value -category Layout -key stand_list_top_pos_x -value 520
gui_set_state_value -category Layout -key stand_list_top_pos_y -value 137
gui_set_state_value -category Layout -key stand_list_top_size_x -value 1117
gui_set_state_value -category Layout -key stand_list_top_size_y -value 634
gui_set_state_value -category Layout -key stand_wave_child_docknewline -value false
gui_set_state_value -category Layout -key stand_wave_child_pos_x -value {-2}
gui_set_state_value -category Layout -key stand_wave_child_pos_y -value {-15}
gui_set_state_value -category Layout -key stand_wave_child_size_x -value 1653
gui_set_state_value -category Layout -key stand_wave_child_size_y -value 737
gui_set_state_value -category Layout -key stand_wave_top_pos_x -value 160
gui_set_state_value -category Layout -key stand_wave_top_pos_y -value 265
gui_set_state_value -category Layout -key stand_wave_top_size_x -value 1808
gui_set_state_value -category Layout -key stand_wave_top_size_y -value 1088
gui_create_state_key -category FindDialog -key m_pMatchCase -value_type bool -value false
gui_create_state_key -category FindDialog -key m_pMatchWord -value_type bool -value false
gui_create_state_key -category FindDialog -key m_pUseCombo -value_type string -value {}
gui_create_state_key -category FindDialog -key m_pWrapAround -value_type bool -value true
gui_create_state_key -category Widget_History -key TopLevel.1|qt_left_dock|DockWnd2|DLPane.1|pages|Data.1|hbox|textfilter -value_type string -value {sdram_addr_o sdram_cas_o axiRdStage awaddr}
gui_create_state_key -category Widget_History -key TopLevel.2|EkTopVbox|wndWorkspace|qt_workspacechild2|Wave.1|left|filterVBox|controlHBox|unnamed -value_type string -value req_wr_q
gui_create_state_key -category Widget_History -key TopLevel.2|EkTopVbox|wndWorkspace|qt_workspacechild3|Wave.1|left|filterVBox|controlHBox|unnamed -value_type string -value wdata_0
gui_state_default_create -off

# Begin command logging
gui_open_db -file /home/liutong/Documents/sdram_system/vcdplus.vpd -design V1
gui_list_set_filter -id Data.1 -text {wvalid}
gui_data_toggle_value_annotate -id  Data.1   {ddr_system.wvalid}
gui_list_select -id Data.1 -selected  { ddr_system.wvalid   }
gui_list_action -id  Data.1 ddr_system.wvalid
gui_list_action -id  Data.1 ddr_system.wvalid
gui_open_window Wave
gui_list_add -id Wave.1 -from Data.1 { ddr_system.wvalid } -insertionbar
gui_list_select -id Wave.1 -selected  { ddr_system.wvalid   }
gui_seek_next -id Wave.1 -number 1 
gui_seek_next -id Wave.1 -number 1 
gui_seek_next -id Wave.1 -number 1 
gui_seek_next -id Wave.1 -number 1 
gui_seek_next -id Wave.1 -number 1 
gui_seek_next -id Wave.1 -number 1 
gui_seek_next -id Wave.1 -number 1 
gui_seek_next -id Wave.1 -number 1 
gui_seek_next -id Wave.1 -number 1 
gui_list_set_filter -id Data.1 -text {wready}
gui_data_toggle_value_annotate -id  Data.1   {ddr_system.wready}
gui_list_select -id Data.1 -selected  { ddr_system.wready   }
gui_list_action -id  Data.1 ddr_system.wready
gui_list_add -id Wave.1 -from Data.1 { ddr_system.wready } -insertionbar
gui_list_select -id Wave.1 -selected  {  }
gui_list_select -id Wave.1 -selected  { ddr_system.wready   }
gui_seek_next -id Wave.1 -number 1 
gui_seek_next -id Wave.1 -number 1 
gui_seek_next -id Wave.1 -number 1 
gui_seek_previous -id Wave.1 -number 1 
gui_seek_previous -id Wave.1 -number 1 
gui_seek_previous -id Wave.1 -number 1 
